VirtualBox XPCOM Server 5.2.42_Ubuntu r137960 linux.amd64 (Jun  5 2020 08:26:08) release log
00:00:00.002212 main     Log opened 2020-11-18T04:37:38.379274000Z
00:00:00.002214 main     Build Type: release
00:00:00.002217 main     OS Product: Linux
00:00:00.002218 main     OS Release: 5.4.0-52-generic
00:00:00.002219 main     OS Version: #57~18.04.1-Ubuntu SMP Thu Oct 15 14:04:49 UTC 2020
00:00:00.002242 main     DMI Product Name: OptiPlex 7040
00:00:00.002252 main     DMI Product Version: 
00:00:00.002302 main     Host RAM: 15897MB (15.5GB) total, 10506MB (10.2GB) available
00:00:00.002305 main     Executable: /usr/lib/virtualbox/VBoxSVC
00:00:00.002305 main     Process ID: 26330
00:00:00.002306 main     Package type: LINUX_64BITS_GENERIC (OSE)
00:00:00.003773 main     IPC socket path: /tmp/.vbox-mmillis-ipc/ipcd
00:00:00.111856 nspr-2   VirtualBox: object creation starts
00:00:00.113531 nspr-2   Home directory: '/home/mmillis/.config/VirtualBox'
00:00:00.114184 nspr-2   Loading settings file "/home/mmillis/.config/VirtualBox/VirtualBox.xml" with version "1.12-linux"
00:00:00.136470 nspr-2   NetIfAdpCtlOut: VBoxNetAdpCtl: Error while retrieving link speed for br-3c2b1e7c6a1e: VBoxNetAdpCtl: ioctl failed: Operation not supported
00:00:00.144250 nspr-2   NetIfAdpCtlOut: VBoxNetAdpCtl: Error while retrieving link speed for br-a87e7779599d: VBoxNetAdpCtl: ioctl failed: Operation not supported
00:00:00.152197 nspr-2   NetIfAdpCtlOut: VBoxNetAdpCtl: Error while retrieving link speed for br-9d96b42b1fac: VBoxNetAdpCtl: ioctl failed: Operation not supported
00:00:00.167499 nspr-2   NetIfAdpCtlOut: VBoxNetAdpCtl: Error while retrieving link speed for wlp2s0: VBoxNetAdpCtl: ioctl failed: Operation not supported
00:00:00.187488 nspr-2   NAT: resolv.conf: nameserver 127.0.0.1
00:00:00.187533 nspr-2   NAT: resolv.conf: nameserver 8.8.8.8
00:00:00.187573 nspr-2   HostDnsMonitor::updateInfo
00:00:00.187611 nspr-2   HostDnsMonitor: old information
00:00:00.187619 nspr-2     no server entries
00:00:00.187628 nspr-2     no domain set
00:00:00.187635 nspr-2     no search string entries
00:00:00.187643 nspr-2   HostDnsMonitor: new information
00:00:00.187651 nspr-2     server 1: 127.0.0.1
00:00:00.187660 nspr-2     server 2: 8.8.8.8
00:00:00.187668 nspr-2     domain: attlocal.net
00:00:00.187676 nspr-2     search string 1: attlocal.net
00:00:00.221532 nspr-2   VD: VDInit finished with VINF_SUCCESS
00:00:00.222342 nspr-2   ERROR [COM]: aRC=NS_ERROR_FAILURE (0x80004005) aIID={0eb668d2-495e-5a36-8890-29999b5f030c} aComponent={SystemPropertiesWrap} aText={Cannot determine default Guest Additions ISO location. Most likely they are not available}, preserve=false aResultDetail=0
00:00:00.222894 nspr-2   VirtualBox: object created
00:00:02.301390 nspr-2   Saving settings file "/home/mmillis/.config/VirtualBox/VirtualBox.xml" with version "1.12-linux"
00:00:02.317946 nspr-2   Saving settings file "/home/mmillis/.config/VirtualBox/VirtualBox.xml" with version "1.12-linux"
00:00:07.846201 main     VirtualBox: object deletion starts
00:00:08.225689 Watcher  ERROR [COM]: aRC=E_ACCESSDENIED (0x80070005) aIID={9570b9d5-f1a1-448a-10c5-e12f5285adad} aComponent={VirtualBoxWrap} aText={The object is not ready}, preserve=false aResultDetail=0
00:00:12.847020 main     {00007f9a2c018dd0} HostPowerServiceLinux::~HostPowerServiceLinux: RTThreadWait() for 5000 ms failed with VERR_TIMEOUT
00:00:12.847726 main     VirtualBox: object deleted
