[09/19/20, 11:19:39:835] info: 
╔════════════════════════════════════════════════════════════════════════════════╗
║      Slack 4.9.1, linux 5.4.0-45-generic on x64 at 09/19/20, 11:19:39:834      ║
╚════════════════════════════════════════════════════════════════════════════════╝ 
[09/19/20, 11:19:39:837] info: Configured logger via 
{
  "logLevel": "info",
  "numberOfInstances": 1
}
[09/19/20, 11:19:39:837] info: Predefined values for process 
{
  "NODE_ENV": "production",
  "platform": "linux",
  "type": "browser",
  "PACKAGE_MANIFEST.productName": "Slack",
  "PACKAGE_MANIFEST.version": "4.9.1",
  "PACKAGE_MANIFEST.commit": "a4869bd",
  "PACKAGE_MANIFEST.branch": "HEAD"
}
[09/19/20, 11:19:39:906] info: Could not load previous electron version 
[09/19/20, 11:19:40:089] info: getIsUpdateSupported: Updates are not supported 
{
  "version": "4.9.1",
  "reasons": [
    "using Linux"
  ],
  "distribution": "DDL",
  "executable": "/usr/lib/slack"
}
[09/19/20, 11:19:40:091] info: Store: persist/PERSIST 
[09/19/20, 11:19:40:094] info: Store: UPDATE_SETTINGS 
{
  "locale": "en-US"
}
[09/19/20, 11:19:40:095] info: Migrating from redux-persist@v4 
[09/19/20, 11:19:40:113] info: Finished migrating state 
{
  "keys": [
    "_persist"
  ],
  "version": 1
}
[09/19/20, 11:19:40:113] info: Store: persist/REHYDRATE 
{
  "_persist": "Persistence version: 1"
}
[09/19/20, 11:19:40:114] info: Store: RECORD_PERFORMANCE_TIMING 
{
  "phase": 0,
  "interval": 28
}
[09/19/20, 11:19:40:117] info: Store: INITIALIZE 
{
  "resourcePath": "/usr/lib/slack/resources/app.asar"
}
[09/19/20, 11:19:40:120] info: persistUuid:: Generated uuid 
{
  "uuid": "548f1417-fad3-515e-8a20-04a0d91b92de"
}
[09/19/20, 11:19:40:120] info: persistUuid:: Uuid persisted successfully 
[09/19/20, 11:19:40:130] info: Starting crashReporter with options 
{
  "productName": "Slack",
  "companyName": "Slack Technologies",
  "uploadToServer": true,
  "submitURL": "https://slack.com/apps/breakpad?instanceUid=548f1417-fad3-515e-8a20-04a0d91b92de&version=4.9.1&channel=prod",
  "extra": {
    "channel": "prod",
    "version": "4.9.1",
    "instanceUid": "548f1417-fad3-515e-8a20-04a0d91b92de",
    "sessionId": "NTQ4ZjE0MTctZmFkMy01MTVlLThhMjAtMDRhMGQ5MWI5MmRlXzE2MDA1Mzk1ODAxMjA="
  }
}
[09/19/20, 11:19:40:169] warn: Failed to install protocol handler for slack:// links 
[09/19/20, 11:19:40:203] info: getLinuxDistro: osInfo 
{
  "stdoutValue": "Ubuntu\nUbuntu 18.04.5 LTS\n18.04\nbionic\n",
  "osInfo": [
    "Ubuntu 18.04.5 LTS",
    "18.04",
    "bionic",
    ""
  ]
}
[09/19/20, 11:19:40:204] info: Store: READY 
{
  "resourcePath": "/usr/lib/slack/resources/app.asar",
  "appVersion": "4.9.1",
  "is64Bit": true,
  "isGpuCompositionAvailable": true,
  "isTitleBarHidden": false,
  "platform": "linux",
  "platformVersion": {
    "major": 5,
    "minor": 4,
    "build": 0
  },
  "releaseChannel": "prod",
  "developerMenuOverride": false,
  "uuid": "548f1417-fad3-515e-8a20-04a0d91b92de",
  "sessionId": "NTQ4ZjE0MTctZmFkMy01MTVlLThhMjAtMDRhMGQ5MWI5MmRlXzE2MDA1Mzk1ODAxMjA=",
  "distribution": "DDL",
  "linux": {
    "os": "Ubuntu 18.04.5 LTS",
    "name": "18.04",
    "release": "bionic",
    "codename": "",
    "desktopEnvironment": "i3"
  }
}
[09/19/20, 11:19:40:228] info: initializeApplicationEpic: Welcome to Slack 4.9.1 x64 
[09/19/20, 11:19:40:231] info: AutoLoginEpic: Checking for autologin. 
[09/19/20, 11:19:40:232] info: getIsUpdateSupported: Updates are not supported 
{
  "version": "4.9.1",
  "reasons": [
    "using Linux"
  ],
  "distribution": "DDL",
  "executable": "/usr/lib/slack"
}
[09/19/20, 11:19:40:292] info: Store: SET_ACCESSIBILITY_SUPPORT_ENABLED 
[09/19/20, 11:19:40:293] info: Store: CREATE_WINDOW 
{
  "type": "main"
}
[09/19/20, 11:19:40:293] info: Store: UPDATE_SETTINGS 
{
  "isSignedIntoSlackOrg": false
}
[09/19/20, 11:19:40:298] info: Store: UPDATE_SETTINGS 
{
  "useHwAcceleration": true,
  "launchOnStartup": false,
  "PrefSSBFileDownloadPath": "/home/mmillis/Downloads",
  "hasRunApp": true
}
[09/19/20, 11:19:40:318] info: System configuration information 
{
  "info": {
    "total_memory_in_gb": 8,
    "gpuFeatures": {
      "2d_canvas": "enabled",
      "flash_3d": "enabled",
      "flash_stage3d": "enabled",
      "flash_stage3d_baseline": "enabled",
      "gpu_compositing": "enabled",
      "multiple_raster_threads": "enabled_on",
      "oop_rasterization": "disabled_off",
      "opengl": "enabled_on",
      "protected_video_decode": "unavailable_off",
      "rasterization": "disabled_software",
      "skia_renderer": "enabled_on",
      "video_decode": "unavailable_off",
      "vulkan": "disabled_off",
      "webgl": "enabled",
      "webgl2": "enabled"
    },
    "cpu_model": "Intel(R) Core(TM) i5-6500T CPU @ 2.50GHz",
    "cpu_logical_core": 4,
    "cpu_clock_speed": 1465,
    "gpuDevice": [
      {
        "active": true,
        "cudaComputeCapabilityMajor": 0,
        "deviceId": 6418,
        "vendorId": 32902
      }
    ],
    "machine_model_name": "unknown",
    "machine_model_version": "unknown"
  }
}
[09/19/20, 11:19:40:328] info: Store: TOKEN_FILE_PROCESSED 
[09/19/20, 11:19:40:331] info: AutoLoginEpic: Processing token file for autologin. 
[09/19/20, 11:19:40:332] info: AutoLoginEpic: Completed autologin processing — successfully logged in 0 workspaces. 
[09/19/20, 11:19:40:333] info: AutoLoginEpic: Setting default sign-in team to null 
[09/19/20, 11:19:40:333] info: Store: AUTOLOGIN_TEAMS_COMPLETE 
[09/19/20, 11:19:40:335] info: Store: UPDATE_SETTINGS 
{
  "defaultSigninTeam": null
}
[09/19/20, 11:19:40:372] info: MainWindowEpics: Setting main window ID 
{
  "id": 1
}
[09/19/20, 11:19:40:375] info: Store: WINDOW_CREATED 
{
  "type": "main",
  "id": 1,
  "frame": {
    "isHtmlFullScreen": false,
    "isFullScreen": false,
    "isMinimized": false,
    "isMaximized": false,
    "isVisible": false,
    "isFocused": false,
    "bounds": {
      "x": 880,
      "y": 420,
      "width": 800,
      "height": 600
    }
  }
}
[09/19/20, 11:19:40:381] info: Watching for keyboard layout changes 
[09/19/20, 11:19:40:392] info: Store: RECORD_PERFORMANCE_TIMING 
{
  "phase": 1,
  "interval": 263
}
[09/19/20, 11:19:40:393] info: Store: UPDATE_SETTINGS 
{
  "keyboardLayout": "us"
}
[09/19/20, 11:19:40:397] info: registerLifeCycleEvents: Registering webContents:1 
[09/19/20, 11:19:40:398] info: Store: UPSERT_WEB_CONTENTS 
{
  "id": 1,
  "state": "unloaded"
}
[09/19/20, 11:19:40:478] info: Finished download of spellcheck dictionary 
{
  "code": "en-US"
}
[09/19/20, 11:19:40:481] info: Spellcheck dictionary initialized 
{
  "code": "en-US"
}
[09/19/20, 11:19:41:405] info: Store: SET_WINDOW_FRAME 
{
  "id": 1,
  "frame": {
    "bounds": {
      "x": 768,
      "y": 288,
      "width": 1024,
      "height": 864
    },
    "isMaximized": false
  },
  "fromEvent": true
}
[09/19/20, 11:19:41:407] info: Store: SET_WINDOW_FRAME 
{
  "id": 1,
  "frame": {
    "bounds": {
      "x": 768,
      "y": 288,
      "width": 1024,
      "height": 864
    },
    "isMaximized": false
  },
  "fromEvent": true
}
[09/19/20, 11:19:41:676] info: Store: UPDATE_SETTINGS 
{
  "userTheme": "light"
}
[09/19/20, 11:19:41:678] info: Store: UPDATE_SETTINGS 
{
  "systemThemeSyncEnabled": false
}
[09/19/20, 11:19:42:327] info: registerLifeCycleEvents: webContents:1 from 'unloaded' to 'loaded' took 1930 ms 
[09/19/20, 11:19:42:327] info: Store: UPSERT_WEB_CONTENTS 
{
  "id": 1,
  "state": "loaded"
}
[09/19/20, 11:19:42:330] info: initializeMainWindowEpic: Showing main window 
{
  "maximized": false,
  "shouldHide": false,
  "fullScreen": false
}
[09/19/20, 11:19:42:331] info: Store: RECORD_PERFORMANCE_TIMING 
{
  "phase": 2,
  "interval": 1951
}
[09/19/20, 11:19:42:332] info: Store: SET_WINDOW_FRAME 
{
  "id": 1,
  "frame": {
    "isVisible": true
  },
  "fromEvent": true
}
[09/19/20, 11:19:42:332] info: Store: MAIN_WINDOW_SHOWN 
[09/19/20, 11:19:42:347] info: Store: UPDATE_SETTINGS 
{
  "mainWindowSettings": {
    "fullScreen": false,
    "maximized": false,
    "bounds": {
      "x": 768,
      "y": 288,
      "width": 1024,
      "height": 864
    }
  }
}
[09/19/20, 11:19:42:349] info: Store: CLEAR_NOTIFICATIONS 
[09/19/20, 11:19:42:358] info: Store: SET_WINDOW_FRAME 
{
  "id": 1,
  "frame": {
    "isFullScreen": false
  },
  "fromEvent": true
}
[09/19/20, 11:19:42:365] info: registerLifeCycleEvents: webContents:1 is type 'app' 
[09/19/20, 11:19:42:366] info: Store: UPSERT_WEB_CONTENTS 
{
  "id": 1,
  "type": "app",
  "history": "[REDACTED]"
}
[09/19/20, 11:19:42:378] info: Store: SET_WINDOW_FRAME 
{
  "id": 1,
  "frame": {
    "isVisible": true,
    "isFocused": true
  },
  "fromEvent": true
}
[09/19/20, 11:19:42:384] info: Store: SET_WINDOW_FRAME 
{
  "id": 1,
  "frame": {
    "isFocused": true
  },
  "fromEvent": true
}
[09/19/20, 11:19:42:387] info: Store: SET_NETWORK_STATUS online
[09/19/20, 11:19:43:385] info: Store: SET_WINDOW_FRAME 
{
  "id": 1,
  "frame": {
    "bounds": {
      "x": 1714,
      "y": 24,
      "width": 822,
      "height": 1364
    },
    "isMaximized": false
  },
  "fromEvent": true
}
[09/19/20, 11:19:43:389] info: Store: SET_WINDOW_FRAME 
{
  "id": 1,
  "frame": {
    "bounds": {
      "x": 1714,
      "y": 24,
      "width": 822,
      "height": 1364
    },
    "isMaximized": false
  },
  "fromEvent": true
}
[09/19/20, 11:19:43:452] info: Store: UPDATE_SETTINGS 
{
  "mainWindowSettings": {
    "fullScreen": false,
    "maximized": false,
    "bounds": {
      "x": 1714,
      "y": 24,
      "width": 822,
      "height": 1364
    }
  }
}
[09/19/20, 11:19:43:871] info: Store: SET_WINDOW_FRAME 
{
  "id": 1,
  "frame": {
    "isFocused": false
  },
  "fromEvent": true
}
[09/19/20, 11:19:44:177] info: Store: SET_WINDOW_FRAME 
{
  "id": 1,
  "frame": {
    "isFocused": true
  },
  "fromEvent": true
}
[09/19/20, 11:19:45:093] info: Store: persist/FLUSH 
[09/19/20, 11:19:45:179] info: Store: SET_WINDOW_FRAME 
{
  "id": 1,
  "frame": {
    "bounds": {
      "x": 24,
      "y": 24,
      "width": 2512,
      "height": 1364
    },
    "isMaximized": false
  },
  "fromEvent": true
}
[09/19/20, 11:19:45:182] info: Store: SET_WINDOW_FRAME 
{
  "id": 1,
  "frame": {
    "bounds": {
      "x": 24,
      "y": 24,
      "width": 2512,
      "height": 1364
    },
    "isMaximized": false
  },
  "fromEvent": true
}
[09/19/20, 11:19:45:243] info: Store: UPDATE_SETTINGS 
{
  "mainWindowSettings": {
    "fullScreen": false,
    "maximized": false,
    "bounds": {
      "x": 24,
      "y": 24,
      "width": 2512,
      "height": 1364
    }
  }
}
[09/19/20, 11:19:53:910] info: Store: SET_WINDOW_FRAME 
{
  "id": 1,
  "frame": {
    "isFocused": false
  },
  "fromEvent": true
}
[09/19/20, 11:20:40:230] info: Store: UPDATE_SETTINGS 
{
  "lastClogForProxyInfo": 1600539640230
}
[09/19/20, 11:21:04:936] info: Store: SET_WINDOW_FRAME 
{
  "id": 1,
  "frame": {
    "isFocused": true
  },
  "fromEvent": true
}
[09/19/20, 11:21:06:431] info: Store: SET_WINDOW_FRAME 
{
  "id": 1,
  "frame": {
    "isFocused": false
  },
  "fromEvent": true
}
[09/19/20, 11:21:08:562] info: secondInstanceEpic: Received deep link protocol activation 
[09/19/20, 11:21:08:563] info: Store: HANDLE_DEEP_LINK 
{
  "url": "slack://T04H20B8T/magic-login/1371807281189-f2613a812dbd3bc65b26dd536a64a72237a4d9f95555c7edde8432610bb4f0ac"
}
[09/19/20, 11:21:08:574] info: MagicLogin: Making magic login API request to https://app.slack.com/api/ 
[09/19/20, 11:21:08:585] info: registerLifeCycleEvents: Registering webContents:2 
[09/19/20, 11:21:08:586] info: Store: UPSERT_WEB_CONTENTS 
{
  "id": 2,
  "state": "unloaded"
}
[09/19/20, 11:21:09:004] info: Store: UPSERT_WEB_CONTENTS 
{
  "id": 1,
  "history": "[REDACTED]"
}
[09/19/20, 11:21:09:008] info: registerLifeCycleEvents: webContents:2 from 'unloaded' to 'loaded' took 422 ms 
[09/19/20, 11:21:09:008] info: Store: UPSERT_WEB_CONTENTS 
{
  "id": 2,
  "state": "loaded"
}
[09/19/20, 11:21:09:013] info: registerLifeCycleEvents: webContents:2 is type 'auth' 
[09/19/20, 11:21:09:013] info: Store: UPSERT_WEB_CONTENTS 
{
  "id": 2,
  "type": "auth",
  "history": "[REDACTED]"
}
[09/19/20, 11:21:09:019] info: MagicLogin: Added team T04H20B8T 
[09/19/20, 11:21:09:019] info: registerLifeCycleEvents: webContents:2 from 'loaded' to 'page-closed' took 6 ms 
[09/19/20, 11:21:09:019] info: Store: UPSERT_WEB_CONTENTS 
{
  "id": 2,
  "state": "page-closed"
}
[09/19/20, 11:21:09:025] info: Store: REMOVE_WEB_CONTENTS 
{
  "id": 2
}
[09/19/20, 11:21:09:490] info: registerLifeCycleEvents: webContents:1 from 'loaded' to 'loaded' took 486 ms 
[09/19/20, 11:21:09:491] info: Store: UPSERT_WEB_CONTENTS 
{
  "id": 1,
  "state": "loaded"
}
[09/19/20, 11:21:09:576] info: Store: SET_WINDOW_FRAME 
{
  "id": 1,
  "frame": {
    "isFocused": true
  },
  "fromEvent": true
}
[09/19/20, 11:21:10:084] info: Store: SET_NETWORK_STATUS online
[09/19/20, 11:21:10:214] info: Store: UPDATE_SETTINGS 
{
  "userTheme": "light"
}
[09/19/20, 11:21:10:215] info: Store: UPDATE_SETTINGS 
{
  "systemThemeSyncEnabled": false
}
[09/19/20, 11:21:11:696] info: Store: SYNC (Empty)
[09/19/20, 11:21:11:698] info: Store: SELECTION_CHANGED T04H20B8T
[09/19/20, 11:21:11:729] info: Store: REDUX_UPDATE_FROM_WEBAPP (T04H20B8T) Changed keys [theme,notificationPrefs,featureFlags,unreads,locale]
[09/19/20, 11:21:11:754] info: Store: REDUX_UPDATE_FROM_WEBAPP (T04H20B8T) Changed keys [featureFlags,version,userId]
[09/19/20, 11:21:11:765] info: Store: REDUX_UPDATE_FROM_WEBAPP (T04H20B8T) Changed keys [theme,notificationPrefs,unreads]
[09/19/20, 11:21:11:840] info: Store: REDUX_UPDATE_FROM_WEBAPP (T04H20B8T) Changed keys [unreads]
[09/19/20, 11:21:11:860] info: Store: SYNC Synced 1 workspaces with IDs [T04H20B8T]
[09/19/20, 11:21:11:868] info: Store: SELECTION_CHANGED T04H20B8T
[09/19/20, 11:21:11:869] info: registerLifeCycleEvents: webContents:1 from 'loaded' to 'webapp-loaded' took 2379 ms 
[09/19/20, 11:21:11:870] info: Store: UPSERT_WEB_CONTENTS 
{
  "id": 1,
  "state": "webapp-loaded"
}
[09/19/20, 11:21:11:871] info: Store: RECORD_PERFORMANCE_TIMING 
{
  "phase": 3,
  "interval": 89543
}
[09/19/20, 11:21:12:089] info: Store: UPDATE_SETTINGS 
{
  "forceHiddenInsetTitleBar": false
}
[09/19/20, 11:21:12:090] info: Store: UPDATE_SETTINGS 
{
  "trafficLightPosition": {
    "x": 14,
    "y": 22
  }
}
[09/19/20, 11:21:12:091] info: Store: UPDATE_SETTINGS 
{
  "isIAEnabled": true
}
[09/19/20, 11:21:16:864] info: Store: persist/FLUSH 
[09/19/20, 11:21:33:571] info: Store: REDUX_UPDATE_FROM_WEBAPP (T04H20B8T) Changed keys [unreads]
[09/19/20, 11:22:20:450] info: Attempted to close the window, hiding due to run from tray 
[09/19/20, 11:22:20:451] info: Store: SET_WINDOW_FRAME 
{
  "id": 1,
  "frame": {
    "isVisible": false
  },
  "fromEvent": true
}
[09/19/20, 11:22:20:452] info: Store: UPDATE_SETTINGS 
{
  "hasRunFromTray": true
}
[09/19/20, 11:22:20:453] info: Store: SHOW_TRAY_BALLOON 
{
  "title": "Why didn’t Slack quit?",
  "content": "Slack’s set to stay running in the notification area. To change this, visit Preferences > Advanced."
}
[09/19/20, 11:22:20:454] info: Tray Handler: Showing a tray balloon with title: Why didn’t Slack quit? 
[09/19/20, 11:30:12:473] info: Store: SET_SYSTEM_IDLE idle_taskbar
[09/19/20, 11:39:53:287] info: Store: SET_SYSTEM_IDLE idle_presence
[09/19/20, 11:55:32:725] info: Store: SET_SYSTEM_IDLE active
[09/19/20, 11:55:52:725] info: Store: SET_SYSTEM_IDLE idle_taskbar
[09/19/20, 12:04:32:786] info: Store: SET_SYSTEM_IDLE active
[09/19/20, 12:04:52:789] info: Store: SET_SYSTEM_IDLE idle_taskbar
[09/19/20, 12:06:52:802] info: Store: SET_SYSTEM_IDLE active
[09/19/20, 12:07:52:809] info: Store: SET_SYSTEM_IDLE idle_taskbar
[09/19/20, 12:17:32:863] info: Store: SET_SYSTEM_IDLE idle_presence
[09/19/20, 17:07:14:689] info: Store: SET_SYSTEM_IDLE active
[09/19/20, 17:12:44:952] info: Store: SET_SYSTEM_IDLE idle_taskbar
[09/19/20, 17:13:14:972] info: Store: SET_SYSTEM_IDLE active
[09/19/20, 17:32:25:827] info: Store: SET_SYSTEM_IDLE idle_taskbar
[09/19/20, 17:32:35:830] info: Store: SET_SYSTEM_IDLE active
[09/19/20, 17:34:15:909] info: Store: SET_SYSTEM_IDLE idle_taskbar
[09/19/20, 17:34:45:924] info: Store: SET_SYSTEM_IDLE active
[09/19/20, 17:35:05:933] info: Store: SET_SYSTEM_IDLE idle_taskbar
[09/19/20, 17:35:35:953] info: Store: SET_SYSTEM_IDLE active
[09/19/20, 17:39:36:138] info: Store: SET_SYSTEM_IDLE idle_taskbar
[09/19/20, 17:39:56:151] info: Store: SET_SYSTEM_IDLE active
[09/19/20, 17:42:26:262] info: Store: SET_SYSTEM_IDLE idle_taskbar
[09/19/20, 17:43:06:284] info: Store: SET_SYSTEM_IDLE active
[09/19/20, 17:43:36:297] info: Store: SET_SYSTEM_IDLE idle_taskbar
[09/19/20, 17:49:16:543] info: Store: SET_SYSTEM_IDLE active
[09/19/20, 17:50:06:574] info: Store: SET_SYSTEM_IDLE idle_taskbar
[09/19/20, 17:50:46:591] info: Store: SET_SYSTEM_IDLE active
[09/19/20, 17:52:26:653] info: Store: SET_SYSTEM_IDLE idle_taskbar
[09/19/20, 17:52:36:654] info: Store: SET_SYSTEM_IDLE active
[09/19/20, 17:55:26:777] info: Store: SET_SYSTEM_IDLE idle_taskbar
[09/19/20, 18:04:57:821] info: Store: SET_SYSTEM_IDLE idle_presence
[09/19/20, 19:34:01:359] info: Store: SET_SYSTEM_IDLE active
[09/19/20, 19:41:41:750] info: Store: SET_SYSTEM_IDLE idle_taskbar
[09/19/20, 19:43:01:806] info: Store: SET_SYSTEM_IDLE active
[09/19/20, 20:02:52:598] info: Store: SET_SYSTEM_IDLE idle_taskbar
[09/19/20, 20:03:12:610] info: Store: SET_SYSTEM_IDLE active
[09/19/20, 20:11:52:949] info: Store: SET_SYSTEM_IDLE idle_taskbar
[09/19/20, 20:12:02:951] info: Store: SET_SYSTEM_IDLE active
[09/19/20, 20:12:32:969] info: Store: SET_SYSTEM_IDLE idle_taskbar
[09/19/20, 20:16:33:140] info: Store: SET_SYSTEM_IDLE active
[09/19/20, 20:16:53:150] info: Store: SET_SYSTEM_IDLE idle_taskbar
[09/19/20, 20:17:43:177] info: Store: SET_SYSTEM_IDLE active
[09/19/20, 20:20:43:305] info: Store: SET_SYSTEM_IDLE idle_taskbar
[09/19/20, 20:28:13:635] info: Store: SET_SYSTEM_IDLE active
[09/19/20, 20:36:43:987] info: Store: SET_SYSTEM_IDLE idle_taskbar
[09/19/20, 20:37:14:012] info: Store: SET_SYSTEM_IDLE active
[09/19/20, 20:39:04:086] info: Store: SET_SYSTEM_IDLE idle_taskbar
[09/19/20, 20:40:14:133] info: Store: SET_SYSTEM_IDLE active
[09/19/20, 20:40:44:143] info: Store: SET_SYSTEM_IDLE idle_taskbar
[09/19/20, 20:50:24:568] info: Store: SET_SYSTEM_IDLE idle_presence
[09/19/20, 20:57:54:894] info: Store: SET_SYSTEM_IDLE active
[09/19/20, 20:59:34:970] info: Store: SET_SYSTEM_IDLE idle_taskbar
[09/19/20, 21:01:05:032] info: Store: SET_SYSTEM_IDLE active
[09/19/20, 21:09:55:424] info: Store: SET_SYSTEM_IDLE idle_taskbar
[09/19/20, 21:19:35:889] info: Store: SET_SYSTEM_IDLE idle_presence
[09/19/20, 21:42:36:989] info: Store: SET_SYSTEM_IDLE active
[09/19/20, 21:45:17:125] info: Store: SET_SYSTEM_IDLE idle_taskbar
[09/19/20, 21:45:37:137] info: Store: SET_SYSTEM_IDLE active
[09/19/20, 21:46:07:161] info: Store: SET_SYSTEM_IDLE idle_taskbar
[09/19/20, 21:46:17:163] info: Store: SET_SYSTEM_IDLE active
[09/19/20, 21:51:57:423] info: Store: SET_SYSTEM_IDLE idle_taskbar
[09/19/20, 21:52:37:452] info: Store: SET_SYSTEM_IDLE active
[09/19/20, 21:52:57:459] info: Store: SET_SYSTEM_IDLE idle_taskbar
[09/19/20, 21:53:27:477] info: Store: SET_SYSTEM_IDLE active
[09/19/20, 21:57:37:663] info: Store: SET_SYSTEM_IDLE idle_taskbar
[09/19/20, 21:58:17:687] info: Store: SET_SYSTEM_IDLE active
[09/19/20, 21:58:37:698] info: Store: SET_SYSTEM_IDLE idle_taskbar
[09/19/20, 21:59:07:720] info: Store: SET_SYSTEM_IDLE active
[09/19/20, 22:00:27:774] info: Store: SET_SYSTEM_IDLE idle_taskbar
[09/19/20, 22:00:57:791] info: Store: SET_SYSTEM_IDLE active
[09/19/20, 22:03:47:912] info: Store: SET_SYSTEM_IDLE idle_taskbar
[09/19/20, 22:03:57:913] info: Store: SET_SYSTEM_IDLE active
[09/19/20, 22:08:28:136] info: Store: SET_SYSTEM_IDLE idle_taskbar
[09/19/20, 22:15:58:506] info: Store: SET_SYSTEM_IDLE active
[09/19/20, 22:18:38:641] info: Store: SET_SYSTEM_IDLE idle_taskbar
[09/19/20, 22:28:19:120] info: Store: SET_SYSTEM_IDLE idle_presence
[09/20/20, 13:48:31:026] info: Store: SET_SYSTEM_IDLE active
[09/20/20, 13:48:51:029] info: Store: SET_SYSTEM_IDLE idle_taskbar
[09/20/20, 13:49:11:040] info: Store: SET_SYSTEM_IDLE active
[09/20/20, 13:49:31:042] info: Store: SET_SYSTEM_IDLE idle_taskbar
[09/20/20, 13:59:11:480] info: Store: SET_SYSTEM_IDLE idle_presence
[09/20/20, 17:25:30:863] info: Store: SET_SYSTEM_IDLE active
[09/20/20, 17:25:50:867] info: Store: SET_SYSTEM_IDLE idle_taskbar
[09/20/20, 17:35:31:301] info: Store: SET_SYSTEM_IDLE idle_presence
[09/20/20, 17:51:42:005] info: Store: SET_SYSTEM_IDLE active
[09/20/20, 17:52:02:017] info: Store: SET_SYSTEM_IDLE idle_taskbar
[09/20/20, 18:01:42:416] info: Store: SET_SYSTEM_IDLE idle_presence
[09/21/20, 07:08:27:560] info: Store: UPSERT_WEB_CONTENTS 
{
  "id": 1,
  "history": "[REDACTED]"
}
[09/21/20, 07:08:28:777] info: registerLifeCycleEvents: webContents:1 from 'webapp-loaded' to 'loaded' took 1217 ms 
[09/21/20, 07:08:28:777] info: Store: UPSERT_WEB_CONTENTS 
{
  "id": 1,
  "state": "loaded"
}
[09/21/20, 07:08:29:348] info: Store: UPDATE_SETTINGS 
{
  "userTheme": "light"
}
[09/21/20, 07:08:29:349] info: Store: UPDATE_SETTINGS 
{
  "systemThemeSyncEnabled": false
}
[09/21/20, 07:08:30:169] info: Store: SET_NETWORK_STATUS online
[09/21/20, 07:08:30:316] info: Store: SYNC (Empty)
[09/21/20, 07:08:30:336] info: Store: SELECTION_CHANGED T04H20B8T
[09/21/20, 07:08:30:352] info: Store: REDUX_UPDATE_FROM_WEBAPP (T04H20B8T) Changed keys [theme,notificationPrefs,featureFlags,unreads,locale]
[09/21/20, 07:08:30:381] info: Store: REDUX_UPDATE_FROM_WEBAPP (T04H20B8T) Changed keys [featureFlags,version,userId]
[09/21/20, 07:08:30:385] info: Store: REDUX_UPDATE_FROM_WEBAPP (T04H20B8T) Changed keys [theme,notificationPrefs,unreads]
[09/21/20, 07:08:30:455] info: Store: SYNC Synced 1 workspaces with IDs [T04H20B8T]
[09/21/20, 07:08:30:460] info: Store: SELECTION_CHANGED T04H20B8T
[09/21/20, 07:08:30:461] info: registerLifeCycleEvents: webContents:1 from 'loaded' to 'webapp-loaded' took 1684 ms 
[09/21/20, 07:08:30:462] info: Store: UPSERT_WEB_CONTENTS 
{
  "id": 1,
  "state": "webapp-loaded"
}
[09/21/20, 07:08:30:738] info: Store: UPDATE_SETTINGS 
{
  "forceHiddenInsetTitleBar": false
}
[09/21/20, 07:08:30:739] info: Store: UPDATE_SETTINGS 
{
  "trafficLightPosition": {
    "x": 14,
    "y": 22
  }
}
[09/21/20, 07:08:30:740] info: Store: UPDATE_SETTINGS 
{
  "isIAEnabled": true
}
[09/21/20, 07:08:35:457] info: Store: persist/FLUSH 
[09/21/20, 13:26:05:197] info: Store: SET_SYSTEM_IDLE active
[09/21/20, 13:26:25:206] info: Store: SET_SYSTEM_IDLE idle_taskbar
[09/21/20, 13:36:05:614] info: Store: SET_SYSTEM_IDLE idle_presence
[09/21/20, 18:15:58:094] info: Store: SET_SYSTEM_IDLE active
[09/21/20, 18:16:18:105] info: Store: SET_SYSTEM_IDLE idle_taskbar
[09/21/20, 18:25:58:506] info: Store: SET_SYSTEM_IDLE idle_presence
[09/21/20, 19:57:49:483] info: Store: UPSERT_WEB_CONTENTS 
{
  "id": 1,
  "history": "[REDACTED]"
}
[09/21/20, 19:57:49:722] info: registerLifeCycleEvents: webContents:1 from 'webapp-loaded' to 'loaded' took 239 ms 
[09/21/20, 19:57:49:722] info: Store: UPSERT_WEB_CONTENTS 
{
  "id": 1,
  "state": "loaded"
}
[09/21/20, 19:57:50:234] info: Store: UPDATE_SETTINGS 
{
  "userTheme": "light"
}
[09/21/20, 19:57:50:235] info: Store: UPDATE_SETTINGS 
{
  "systemThemeSyncEnabled": false
}
[09/21/20, 19:57:51:070] info: Store: SYNC (Empty)
[09/21/20, 19:57:51:076] info: Store: SELECTION_CHANGED T04H20B8T
[09/21/20, 19:57:51:105] info: Store: REDUX_UPDATE_FROM_WEBAPP (T04H20B8T) Changed keys [theme,notificationPrefs,featureFlags,unreads,locale]
[09/21/20, 19:57:51:132] info: Store: REDUX_UPDATE_FROM_WEBAPP (T04H20B8T) Changed keys [featureFlags,version,userId]
[09/21/20, 19:57:51:136] info: Store: REDUX_UPDATE_FROM_WEBAPP (T04H20B8T) Changed keys [theme,notificationPrefs,unreads]
[09/21/20, 19:57:51:209] info: Store: SYNC Synced 1 workspaces with IDs [T04H20B8T]
[09/21/20, 19:57:51:214] info: Store: SELECTION_CHANGED T04H20B8T
[09/21/20, 19:57:51:215] info: registerLifeCycleEvents: webContents:1 from 'loaded' to 'webapp-loaded' took 1493 ms 
[09/21/20, 19:57:51:215] info: Store: UPSERT_WEB_CONTENTS 
{
  "id": 1,
  "state": "webapp-loaded"
}
[09/21/20, 19:57:51:433] info: Store: UPDATE_SETTINGS 
{
  "forceHiddenInsetTitleBar": false
}
[09/21/20, 19:57:51:434] info: Store: UPDATE_SETTINGS 
{
  "trafficLightPosition": {
    "x": 14,
    "y": 22
  }
}
[09/21/20, 19:57:51:435] info: Store: UPDATE_SETTINGS 
{
  "isIAEnabled": true
}
[09/21/20, 19:57:52:080] info: Store: SET_NETWORK_STATUS online
[09/21/20, 19:57:56:211] info: Store: persist/FLUSH 
[09/22/20, 10:10:01:577] info: Store: SET_SYSTEM_IDLE active
[09/22/20, 10:10:41:606] info: Store: SET_SYSTEM_IDLE idle_taskbar
[09/22/20, 10:13:41:729] info: Store: SET_SYSTEM_IDLE active
[09/22/20, 10:14:01:733] info: Store: SET_SYSTEM_IDLE idle_taskbar
[09/22/20, 10:17:31:887] info: Store: SET_SYSTEM_IDLE active
[09/22/20, 10:17:51:899] info: Store: SET_SYSTEM_IDLE idle_taskbar
[09/22/20, 10:18:41:938] info: Store: SET_SYSTEM_IDLE active
[09/22/20, 10:19:01:941] info: Store: SET_SYSTEM_IDLE idle_taskbar
[09/22/20, 10:19:41:964] info: Store: SET_SYSTEM_IDLE active
[09/22/20, 10:20:01:969] info: Store: SET_SYSTEM_IDLE idle_taskbar
[09/22/20, 10:21:02:009] info: Store: SET_SYSTEM_IDLE active
[09/22/20, 10:21:22:017] info: Store: SET_SYSTEM_IDLE idle_taskbar
[09/22/20, 10:21:52:040] info: Store: SET_SYSTEM_IDLE active
[09/22/20, 10:22:12:051] info: Store: SET_SYSTEM_IDLE idle_taskbar
[09/22/20, 10:31:52:468] info: Store: SET_SYSTEM_IDLE idle_presence
[09/22/20, 11:38:37:663] info: Store: REDUX_UPDATE_FROM_WEBAPP (T04H20B8T) Changed keys [unreads]
[09/22/20, 13:59:51:887] info: Store: SET_SYSTEM_IDLE active
[09/22/20, 14:00:21:906] info: Store: SET_SYSTEM_IDLE idle_taskbar
[09/22/20, 14:09:52:320] info: Store: SET_SYSTEM_IDLE idle_presence
[09/22/20, 16:23:33:479] info: Store: UPSERT_WEB_CONTENTS 
{
  "id": 1,
  "history": "[REDACTED]"
}
[09/22/20, 16:23:33:769] info: registerLifeCycleEvents: webContents:1 from 'webapp-loaded' to 'loaded' took 290 ms 
[09/22/20, 16:23:33:770] info: Store: UPSERT_WEB_CONTENTS 
{
  "id": 1,
  "state": "loaded"
}
[09/22/20, 16:23:34:389] info: Store: UPDATE_SETTINGS 
{
  "userTheme": "light"
}
[09/22/20, 16:23:34:390] info: Store: UPDATE_SETTINGS 
{
  "systemThemeSyncEnabled": false
}
[09/22/20, 16:23:35:294] info: Store: SYNC (Empty)
[09/22/20, 16:23:35:301] info: Store: SELECTION_CHANGED T04H20B8T
[09/22/20, 16:23:35:331] info: Store: REDUX_UPDATE_FROM_WEBAPP (T04H20B8T) Changed keys [theme,notificationPrefs,featureFlags,unreads,locale]
[09/22/20, 16:23:35:362] info: Store: REDUX_UPDATE_FROM_WEBAPP (T04H20B8T) Changed keys [featureFlags,version,userId]
[09/22/20, 16:23:35:366] info: Store: REDUX_UPDATE_FROM_WEBAPP (T04H20B8T) Changed keys [theme,notificationPrefs,unreads]
[09/22/20, 16:23:35:447] info: Store: REDUX_UPDATE_FROM_WEBAPP (T04H20B8T) Changed keys [unreads]
[09/22/20, 16:23:35:471] info: Store: SYNC Synced 1 workspaces with IDs [T04H20B8T]
[09/22/20, 16:23:35:477] info: Store: SELECTION_CHANGED T04H20B8T
[09/22/20, 16:23:35:477] info: registerLifeCycleEvents: webContents:1 from 'loaded' to 'webapp-loaded' took 1708 ms 
[09/22/20, 16:23:35:477] info: Store: UPSERT_WEB_CONTENTS 
{
  "id": 1,
  "state": "webapp-loaded"
}
[09/22/20, 16:23:35:687] info: Store: UPDATE_SETTINGS 
{
  "forceHiddenInsetTitleBar": false
}
[09/22/20, 16:23:35:688] info: Store: UPDATE_SETTINGS 
{
  "trafficLightPosition": {
    "x": 14,
    "y": 22
  }
}
[09/22/20, 16:23:35:689] info: Store: UPDATE_SETTINGS 
{
  "isIAEnabled": true
}
[09/22/20, 16:23:36:113] info: Store: SET_NETWORK_STATUS online
[09/22/20, 16:23:40:473] info: Store: persist/FLUSH 
[09/22/20, 17:02:50:258] info: Store: SET_SYSTEM_IDLE active
[09/22/20, 17:03:10:264] info: Store: SET_SYSTEM_IDLE idle_taskbar
[09/22/20, 17:12:50:737] info: Store: SET_SYSTEM_IDLE idle_presence
[09/22/20, 20:48:20:499] info: Store: SET_SYSTEM_IDLE active
[09/22/20, 20:59:01:019] info: Store: SET_SYSTEM_IDLE idle_taskbar
[09/22/20, 21:01:21:141] info: Store: SET_SYSTEM_IDLE active
[09/22/20, 21:02:11:176] info: Store: SET_SYSTEM_IDLE idle_taskbar
[09/22/20, 21:02:21:176] info: Store: SET_SYSTEM_IDLE active
[09/22/20, 21:02:51:192] info: Store: SET_SYSTEM_IDLE idle_taskbar
[09/22/20, 21:08:21:468] info: Store: SET_SYSTEM_IDLE active
[09/22/20, 21:08:41:481] info: Store: SET_SYSTEM_IDLE idle_taskbar
[09/22/20, 21:18:21:971] info: Store: SET_SYSTEM_IDLE idle_presence
[09/23/20, 07:40:00:841] info: Store: SET_SYSTEM_IDLE active
[09/23/20, 07:40:30:866] info: Store: SET_SYSTEM_IDLE idle_taskbar
[09/23/20, 07:41:00:884] info: Store: SET_SYSTEM_IDLE active
[09/23/20, 07:41:20:895] info: Store: SET_SYSTEM_IDLE idle_taskbar
[09/23/20, 07:49:01:256] info: Store: SET_SYSTEM_IDLE active
[09/23/20, 07:49:21:262] info: Store: SET_SYSTEM_IDLE idle_taskbar
[09/23/20, 07:50:41:317] info: Store: SET_SYSTEM_IDLE active
[09/23/20, 07:51:01:325] info: Store: SET_SYSTEM_IDLE idle_taskbar
[09/23/20, 08:00:41:800] info: Store: SET_SYSTEM_IDLE idle_presence
[09/23/20, 14:37:50:436] info: Store: SET_SYSTEM_IDLE active
[09/23/20, 14:38:10:441] info: Store: SET_SYSTEM_IDLE idle_taskbar
[09/23/20, 14:39:20:497] info: Store: SET_SYSTEM_IDLE active
[09/23/20, 14:39:40:508] info: Store: SET_SYSTEM_IDLE idle_taskbar
[09/23/20, 14:49:20:971] info: Store: SET_SYSTEM_IDLE idle_presence
[09/23/20, 14:53:11:141] info: Store: SET_SYSTEM_IDLE active
[09/23/20, 14:53:31:153] info: Store: SET_SYSTEM_IDLE idle_taskbar
[09/23/20, 15:03:11:589] info: Store: SET_SYSTEM_IDLE idle_presence
[09/23/20, 18:06:12:506] info: Store: UPSERT_WEB_CONTENTS 
{
  "id": 1,
  "history": "[REDACTED]"
}
[09/23/20, 18:06:12:814] info: registerLifeCycleEvents: webContents:1 from 'webapp-loaded' to 'loaded' took 308 ms 
[09/23/20, 18:06:12:815] info: Store: UPSERT_WEB_CONTENTS 
{
  "id": 1,
  "state": "loaded"
}
[09/23/20, 18:06:13:454] info: Store: UPDATE_SETTINGS 
{
  "userTheme": "light"
}
[09/23/20, 18:06:13:454] info: Store: UPDATE_SETTINGS 
{
  "systemThemeSyncEnabled": false
}
[09/23/20, 18:06:14:151] info: Store: SYNC (Empty)
[09/23/20, 18:06:14:165] info: Store: SELECTION_CHANGED T04H20B8T
[09/23/20, 18:06:14:189] info: Store: REDUX_UPDATE_FROM_WEBAPP (T04H20B8T) Changed keys [theme,notificationPrefs,featureFlags,unreads,locale]
[09/23/20, 18:06:14:218] info: Store: REDUX_UPDATE_FROM_WEBAPP (T04H20B8T) Changed keys [featureFlags,version,userId]
[09/23/20, 18:06:14:221] info: Store: REDUX_UPDATE_FROM_WEBAPP (T04H20B8T) Changed keys [theme,notificationPrefs,unreads]
[09/23/20, 18:06:14:299] info: Store: REDUX_UPDATE_FROM_WEBAPP (T04H20B8T) Changed keys [unreads]
[09/23/20, 18:06:14:316] info: Store: SYNC Synced 1 workspaces with IDs [T04H20B8T]
[09/23/20, 18:06:14:321] info: Store: SELECTION_CHANGED T04H20B8T
[09/23/20, 18:06:14:322] info: registerLifeCycleEvents: webContents:1 from 'loaded' to 'webapp-loaded' took 1508 ms 
[09/23/20, 18:06:14:322] info: Store: UPSERT_WEB_CONTENTS 
{
  "id": 1,
  "state": "webapp-loaded"
}
[09/23/20, 18:06:14:552] info: Store: UPDATE_SETTINGS 
{
  "forceHiddenInsetTitleBar": false
}
[09/23/20, 18:06:14:553] info: Store: UPDATE_SETTINGS 
{
  "trafficLightPosition": {
    "x": 14,
    "y": 22
  }
}
[09/23/20, 18:06:14:554] info: Store: UPDATE_SETTINGS 
{
  "isIAEnabled": true
}
[09/23/20, 18:06:15:062] info: Store: SET_NETWORK_STATUS online
[09/23/20, 18:06:19:319] info: Store: persist/FLUSH 
[09/23/20, 19:39:14:516] info: Store: SET_SYSTEM_IDLE active
[09/23/20, 19:39:34:526] info: Store: SET_SYSTEM_IDLE idle_taskbar
[09/23/20, 19:49:14:969] info: Store: SET_SYSTEM_IDLE idle_presence
[09/23/20, 20:19:36:457] info: Store: SET_SYSTEM_IDLE active
[09/23/20, 20:20:56:510] info: Store: SET_SYSTEM_IDLE idle_taskbar
[09/23/20, 20:21:06:513] info: Store: SET_SYSTEM_IDLE active
[09/23/20, 20:22:46:594] info: Store: SET_SYSTEM_IDLE idle_taskbar
[09/23/20, 20:24:36:674] info: Store: SET_SYSTEM_IDLE active
[09/23/20, 20:29:26:901] info: Store: SET_SYSTEM_IDLE idle_taskbar
[09/23/20, 20:29:36:903] info: Store: SET_SYSTEM_IDLE active
[09/23/20, 20:41:47:487] info: Store: SET_SYSTEM_IDLE idle_taskbar
[09/23/20, 20:42:17:507] info: Store: SET_SYSTEM_IDLE active
[09/23/20, 20:48:47:802] info: Store: SET_SYSTEM_IDLE idle_taskbar
[09/23/20, 20:48:57:805] info: Store: SET_SYSTEM_IDLE active
[09/23/20, 20:49:47:828] info: Store: SET_SYSTEM_IDLE idle_taskbar
[09/23/20, 20:50:37:861] info: Store: SET_SYSTEM_IDLE active
[09/23/20, 20:51:07:878] info: Store: SET_SYSTEM_IDLE idle_taskbar
[09/23/20, 20:54:48:051] info: Store: SET_SYSTEM_IDLE active
[09/23/20, 20:55:38:090] info: Store: SET_SYSTEM_IDLE idle_taskbar
[09/23/20, 20:56:48:151] info: Store: SET_SYSTEM_IDLE active
[09/23/20, 20:57:18:166] info: Store: SET_SYSTEM_IDLE idle_taskbar
[09/23/20, 20:57:38:177] info: Store: SET_SYSTEM_IDLE active
[09/23/20, 20:57:58:189] info: Store: SET_SYSTEM_IDLE idle_taskbar
[09/23/20, 21:07:38:637] info: Store: SET_SYSTEM_IDLE idle_presence
[09/23/20, 22:08:11:085] info: Store: SET_SYSTEM_IDLE active
[09/23/20, 22:09:01:119] info: Store: SET_SYSTEM_IDLE idle_taskbar
[09/23/20, 22:09:41:147] info: Store: SET_SYSTEM_IDLE active
[09/23/20, 22:10:31:173] info: Store: SET_SYSTEM_IDLE idle_taskbar
[09/23/20, 22:12:21:230] info: Store: SET_SYSTEM_IDLE active
[09/23/20, 22:12:41:241] info: Store: SET_SYSTEM_IDLE idle_taskbar
[09/23/20, 22:16:41:420] info: Store: SET_SYSTEM_IDLE active
[09/23/20, 22:17:01:420] info: Store: SET_SYSTEM_IDLE idle_taskbar
[09/23/20, 22:18:21:481] info: Store: SET_SYSTEM_IDLE active
[09/23/20, 22:19:11:505] info: Store: SET_SYSTEM_IDLE idle_taskbar
[09/23/20, 22:20:41:566] info: Store: SET_SYSTEM_IDLE active
[09/23/20, 22:21:11:579] info: Store: SET_SYSTEM_IDLE idle_taskbar
[09/23/20, 22:26:31:777] info: Store: SET_SYSTEM_IDLE active
[09/23/20, 22:26:51:789] info: Store: SET_SYSTEM_IDLE idle_taskbar
[09/23/20, 22:36:32:222] info: Store: SET_SYSTEM_IDLE idle_presence
[09/24/20, 08:16:47:438] info: Store: SET_SYSTEM_IDLE active
[09/24/20, 08:17:07:450] info: Store: SET_SYSTEM_IDLE idle_taskbar
[09/24/20, 08:26:47:880] info: Store: SET_SYSTEM_IDLE idle_presence
[09/24/20, 17:47:10:548] info: Store: UPSERT_WEB_CONTENTS 
{
  "id": 1,
  "history": "[REDACTED]"
}
[09/24/20, 17:47:10:902] info: registerLifeCycleEvents: webContents:1 from 'webapp-loaded' to 'loaded' took 353 ms 
[09/24/20, 17:47:10:902] info: Store: UPSERT_WEB_CONTENTS 
{
  "id": 1,
  "state": "loaded"
}
[09/24/20, 17:47:11:486] info: Store: UPDATE_SETTINGS 
{
  "userTheme": "light"
}
[09/24/20, 17:47:11:487] info: Store: UPDATE_SETTINGS 
{
  "systemThemeSyncEnabled": false
}
[09/24/20, 17:47:12:188] info: Store: SYNC (Empty)
[09/24/20, 17:47:12:207] info: Store: SELECTION_CHANGED T04H20B8T
[09/24/20, 17:47:12:223] info: Store: REDUX_UPDATE_FROM_WEBAPP (T04H20B8T) Changed keys [theme,notificationPrefs,featureFlags,unreads,locale]
[09/24/20, 17:47:12:253] info: Store: REDUX_UPDATE_FROM_WEBAPP (T04H20B8T) Changed keys [featureFlags,version,userId]
[09/24/20, 17:47:12:257] info: Store: REDUX_UPDATE_FROM_WEBAPP (T04H20B8T) Changed keys [theme,notificationPrefs,unreads]
[09/24/20, 17:47:12:337] info: Store: REDUX_UPDATE_FROM_WEBAPP (T04H20B8T) Changed keys [unreads]
[09/24/20, 17:47:12:354] info: Store: SYNC Synced 1 workspaces with IDs [T04H20B8T]
[09/24/20, 17:47:12:359] info: Store: SELECTION_CHANGED T04H20B8T
[09/24/20, 17:47:12:361] info: registerLifeCycleEvents: webContents:1 from 'loaded' to 'webapp-loaded' took 1460 ms 
[09/24/20, 17:47:12:361] info: Store: UPSERT_WEB_CONTENTS 
{
  "id": 1,
  "state": "webapp-loaded"
}
[09/24/20, 17:47:12:602] info: Store: UPDATE_SETTINGS 
{
  "forceHiddenInsetTitleBar": false
}
[09/24/20, 17:47:12:603] info: Store: UPDATE_SETTINGS 
{
  "trafficLightPosition": {
    "x": 14,
    "y": 22
  }
}
[09/24/20, 17:47:12:604] info: Store: UPDATE_SETTINGS 
{
  "isIAEnabled": true
}
[09/24/20, 17:47:13:105] info: Store: SET_NETWORK_STATUS online
[09/24/20, 17:47:17:355] info: Store: persist/FLUSH 
[09/24/20, 18:05:52:846] info: Store: SET_SYSTEM_IDLE active
[09/24/20, 18:06:12:858] info: Store: SET_SYSTEM_IDLE idle_taskbar
[09/24/20, 18:15:53:289] info: Store: SET_SYSTEM_IDLE idle_presence
[09/24/20, 22:07:13:303] info: Store: SET_SYSTEM_IDLE active
[09/24/20, 22:23:14:090] info: Store: SET_SYSTEM_IDLE idle_taskbar
[09/24/20, 22:23:34:102] info: Store: SET_SYSTEM_IDLE active
[09/24/20, 22:37:44:787] info: Store: SET_SYSTEM_IDLE idle_taskbar
[09/24/20, 22:42:14:993] info: Store: SET_SYSTEM_IDLE active
[09/24/20, 23:00:15:820] info: Store: SET_SYSTEM_IDLE idle_taskbar
[09/24/20, 23:06:26:069] info: Store: SET_SYSTEM_IDLE active
[09/24/20, 23:11:36:266] info: Store: SET_SYSTEM_IDLE idle_taskbar
[09/24/20, 23:21:16:665] info: Store: SET_SYSTEM_IDLE idle_presence
[09/25/20, 10:15:50:599] info: Store: NEW_NOTIFICATION 
{
  "id": "T04H20B8T_1601054150.000100",
  "title": "[REDACTED]",
  "subtitle": "[REDACTED]",
  "content": "[REDACTED]",
  "authorName": "[REDACTED]",
  "avatarImage": "[REDACTED]",
  "teamId": "T04H20B8T",
  "userId": "UGSMJ7MSL",
  "msg": "1601054150.000100",
  "channel": "D016Z7BLMJB",
  "channelName": "[REDACTED]",
  "launchUri": "slack://channel?id=D016Z7BLMJB&message=1601054150.000100&team=T04H20B8T",
  "silent": true
}
[09/25/20, 10:15:50:606] info: Creating new Electron notification. 
[09/25/20, 10:15:51:092] info: Store: REDUX_UPDATE_FROM_WEBAPP (T04H20B8T) Changed keys [unreads]
[09/25/20, 10:16:03:289] info: Store: SET_SYSTEM_IDLE active
[09/25/20, 10:16:23:306] info: Store: SET_SYSTEM_IDLE idle_taskbar
[09/25/20, 10:26:03:711] info: Store: SET_SYSTEM_IDLE idle_presence
[09/25/20, 11:16:00:447] info: Store: REDUX_UPDATE_FROM_WEBAPP (T04H20B8T) Changed keys [unreads]
[09/25/20, 11:52:37:657] info: Store: SET_SYSTEM_IDLE active
[09/25/20, 11:52:57:663] info: Store: SET_SYSTEM_IDLE idle_taskbar
[09/25/20, 12:02:38:097] info: Store: SET_SYSTEM_IDLE idle_presence
[09/25/20, 13:59:36:443] info: Store: REDUX_UPDATE_FROM_WEBAPP (T04H20B8T) Changed keys [unreads]
[09/25/20, 14:01:43:521] info: Store: UPSERT_WEB_CONTENTS 
{
  "id": 1,
  "history": "[REDACTED]"
}
[09/25/20, 14:01:43:877] info: registerLifeCycleEvents: webContents:1 from 'webapp-loaded' to 'loaded' took 356 ms 
[09/25/20, 14:01:43:878] info: Store: UPSERT_WEB_CONTENTS 
{
  "id": 1,
  "state": "loaded"
}
[09/25/20, 14:01:44:519] info: Store: UPDATE_SETTINGS 
{
  "userTheme": "light"
}
[09/25/20, 14:01:44:521] info: Store: UPDATE_SETTINGS 
{
  "systemThemeSyncEnabled": false
}
[09/25/20, 14:01:45:269] info: Store: SYNC (Empty)
[09/25/20, 14:01:45:299] info: Store: SELECTION_CHANGED T04H20B8T
[09/25/20, 14:01:45:315] info: Store: REDUX_UPDATE_FROM_WEBAPP (T04H20B8T) Changed keys [theme,notificationPrefs,featureFlags,unreads,locale]
[09/25/20, 14:01:45:345] info: Store: REDUX_UPDATE_FROM_WEBAPP (T04H20B8T) Changed keys [featureFlags,version,userId]
[09/25/20, 14:01:45:349] info: Store: REDUX_UPDATE_FROM_WEBAPP (T04H20B8T) Changed keys [theme,notificationPrefs,unreads]
[09/25/20, 14:01:45:425] info: Store: SYNC Synced 1 workspaces with IDs [T04H20B8T]
[09/25/20, 14:01:45:429] info: Store: SELECTION_CHANGED T04H20B8T
[09/25/20, 14:01:45:430] info: registerLifeCycleEvents: webContents:1 from 'loaded' to 'webapp-loaded' took 1553 ms 
[09/25/20, 14:01:45:431] info: Store: UPSERT_WEB_CONTENTS 
{
  "id": 1,
  "state": "webapp-loaded"
}
[09/25/20, 14:01:45:701] info: Store: UPDATE_SETTINGS 
{
  "forceHiddenInsetTitleBar": false
}
[09/25/20, 14:01:45:701] info: Store: UPDATE_SETTINGS 
{
  "trafficLightPosition": {
    "x": 14,
    "y": 22
  }
}
[09/25/20, 14:01:45:702] info: Store: UPDATE_SETTINGS 
{
  "isIAEnabled": true
}
[09/25/20, 14:01:46:218] info: Store: SET_NETWORK_STATUS online
[09/25/20, 14:01:50:428] info: Store: persist/FLUSH 
[09/25/20, 16:15:09:794] info: Store: SET_SYSTEM_IDLE active
[09/25/20, 16:15:59:833] info: Store: SET_SYSTEM_IDLE idle_taskbar
[09/25/20, 16:25:40:284] info: Store: SET_SYSTEM_IDLE idle_presence
[09/25/20, 16:32:40:616] info: Store: SET_SYSTEM_IDLE active
[09/25/20, 16:33:00:629] info: Store: SET_SYSTEM_IDLE idle_taskbar
[09/25/20, 16:33:10:632] info: Store: SET_SYSTEM_IDLE active
[09/25/20, 16:33:30:641] info: Store: SET_SYSTEM_IDLE idle_taskbar
[09/25/20, 16:43:11:120] info: Store: SET_SYSTEM_IDLE idle_presence
[09/25/20, 17:21:23:061] info: Store: SET_SYSTEM_IDLE active
[09/25/20, 17:21:43:073] info: Store: SET_SYSTEM_IDLE idle_taskbar
[09/25/20, 17:31:23:563] info: Store: SET_SYSTEM_IDLE idle_presence
[09/25/20, 17:34:53:736] info: Store: SET_SYSTEM_IDLE active
[09/25/20, 17:35:53:782] info: Store: SET_SYSTEM_IDLE idle_taskbar
[09/25/20, 17:45:34:162] info: Store: SET_SYSTEM_IDLE idle_presence
[09/25/20, 17:48:24:281] info: Store: SET_SYSTEM_IDLE active
[09/25/20, 17:48:54:293] info: Store: SET_SYSTEM_IDLE idle_taskbar
[09/25/20, 17:58:24:705] info: Store: SET_SYSTEM_IDLE idle_presence
[09/25/20, 18:04:54:977] info: Store: SET_SYSTEM_IDLE active
[09/25/20, 18:11:35:249] info: Store: SET_SYSTEM_IDLE idle_taskbar
[09/25/20, 18:21:17:579] info: Store: SET_SYSTEM_IDLE idle_presence
[09/25/20, 20:14:30:561] info: Store: SET_SYSTEM_IDLE active
[09/25/20, 20:26:41:140] info: Store: SET_SYSTEM_IDLE idle_taskbar
[09/25/20, 20:36:21:580] info: Store: SET_SYSTEM_IDLE idle_presence
[09/25/20, 20:58:52:631] info: Store: SET_SYSTEM_IDLE active
[09/25/20, 20:59:22:645] info: Store: SET_SYSTEM_IDLE idle_taskbar
[09/25/20, 21:00:52:698] info: Store: SET_SYSTEM_IDLE active
[09/25/20, 21:01:32:728] info: Store: SET_SYSTEM_IDLE idle_taskbar
[09/25/20, 21:02:12:755] info: Store: SET_SYSTEM_IDLE active
[09/25/20, 21:02:32:768] info: Store: SET_SYSTEM_IDLE idle_taskbar
[09/25/20, 21:06:42:962] info: Store: SET_SYSTEM_IDLE active
[09/25/20, 21:07:02:975] info: Store: SET_SYSTEM_IDLE idle_taskbar
[09/25/20, 21:08:03:023] info: Store: SET_SYSTEM_IDLE active
[09/25/20, 21:08:43:054] info: Store: SET_SYSTEM_IDLE idle_taskbar
[09/25/20, 21:13:53:341] info: Store: SET_SYSTEM_IDLE active
[09/25/20, 21:18:23:557] info: Store: SET_SYSTEM_IDLE idle_taskbar
[09/25/20, 21:23:43:846] info: Store: SET_SYSTEM_IDLE active
[09/25/20, 21:24:23:872] info: Store: SET_SYSTEM_IDLE idle_taskbar
[09/25/20, 21:27:54:058] info: Store: SET_SYSTEM_IDLE active
[09/25/20, 21:28:44:093] info: Store: SET_SYSTEM_IDLE idle_taskbar
[09/25/20, 21:31:14:196] info: Store: SET_SYSTEM_IDLE active
[09/25/20, 21:32:54:276] info: Store: SET_SYSTEM_IDLE idle_taskbar
[09/25/20, 21:34:14:347] info: Store: SET_SYSTEM_IDLE active
[09/25/20, 21:34:44:369] info: Store: SET_SYSTEM_IDLE idle_taskbar
[09/25/20, 21:38:54:588] info: Store: SET_SYSTEM_IDLE active
[09/25/20, 21:39:24:610] info: Store: SET_SYSTEM_IDLE idle_taskbar
[09/25/20, 21:39:54:627] info: Store: SET_SYSTEM_IDLE active
[09/25/20, 21:41:14:686] info: Store: SET_SYSTEM_IDLE idle_taskbar
[09/25/20, 21:41:44:707] info: Store: SET_SYSTEM_IDLE active
[09/25/20, 21:44:04:807] info: Store: SET_SYSTEM_IDLE idle_taskbar
[09/25/20, 21:45:44:887] info: Store: SET_SYSTEM_IDLE active
[09/25/20, 21:52:35:157] info: Store: SET_SYSTEM_IDLE idle_taskbar
[09/25/20, 21:52:45:161] info: Store: SET_SYSTEM_IDLE active
[09/25/20, 21:55:15:255] info: Store: SET_SYSTEM_IDLE idle_taskbar
[09/25/20, 21:55:55:278] info: Store: SET_SYSTEM_IDLE active
[09/25/20, 22:05:45:701] info: Store: SET_SYSTEM_IDLE idle_taskbar
[09/25/20, 22:07:05:754] info: Store: SET_SYSTEM_IDLE active
[09/25/20, 22:07:35:774] info: Store: SET_SYSTEM_IDLE idle_taskbar
[09/25/20, 22:07:45:777] info: Store: SET_SYSTEM_IDLE active
[09/25/20, 22:10:35:889] info: Store: SET_SYSTEM_IDLE idle_taskbar
[09/25/20, 22:10:55:902] info: Store: SET_SYSTEM_IDLE active
[09/25/20, 22:12:25:969] info: Store: SET_SYSTEM_IDLE idle_taskbar
[09/25/20, 22:12:35:970] info: Store: SET_SYSTEM_IDLE active
[09/25/20, 22:13:36:012] info: Store: SET_SYSTEM_IDLE idle_taskbar
[09/25/20, 22:23:16:445] info: Store: SET_SYSTEM_IDLE idle_presence
[09/25/20, 22:23:26:449] info: Store: SET_SYSTEM_IDLE active
[09/25/20, 22:24:06:474] info: Store: SET_SYSTEM_IDLE idle_taskbar
[09/25/20, 22:33:48:969] info: Store: SET_SYSTEM_IDLE idle_presence
[09/25/20, 22:35:06:945] info: Store: SET_SYSTEM_IDLE active
[09/25/20, 22:36:27:005] info: Store: SET_SYSTEM_IDLE idle_taskbar
[09/25/20, 22:46:07:417] info: Store: SET_SYSTEM_IDLE idle_presence
[09/25/20, 23:52:24:561] info: Store: UPSERT_WEB_CONTENTS 
{
  "id": 1,
  "history": "[REDACTED]"
}
[09/25/20, 23:52:24:928] info: registerLifeCycleEvents: webContents:1 from 'webapp-loaded' to 'loaded' took 368 ms 
[09/25/20, 23:52:24:928] info: Store: UPSERT_WEB_CONTENTS 
{
  "id": 1,
  "state": "loaded"
}
[09/25/20, 23:52:25:439] info: Store: UPDATE_SETTINGS 
{
  "userTheme": "light"
}
[09/25/20, 23:52:25:441] info: Store: UPDATE_SETTINGS 
{
  "systemThemeSyncEnabled": false
}
[09/25/20, 23:52:26:330] info: Store: SYNC (Empty)
[09/25/20, 23:52:26:348] info: Store: SELECTION_CHANGED T04H20B8T
[09/25/20, 23:52:26:370] info: Store: REDUX_UPDATE_FROM_WEBAPP (T04H20B8T) Changed keys [theme,notificationPrefs,featureFlags,unreads,locale]
[09/25/20, 23:52:26:398] info: Store: REDUX_UPDATE_FROM_WEBAPP (T04H20B8T) Changed keys [featureFlags,version,userId]
[09/25/20, 23:52:26:402] info: Store: REDUX_UPDATE_FROM_WEBAPP (T04H20B8T) Changed keys [theme,notificationPrefs,unreads]
[09/25/20, 23:52:26:479] info: Store: SYNC Synced 1 workspaces with IDs [T04H20B8T]
[09/25/20, 23:52:26:486] info: Store: SELECTION_CHANGED T04H20B8T
[09/25/20, 23:52:26:486] info: registerLifeCycleEvents: webContents:1 from 'loaded' to 'webapp-loaded' took 1558 ms 
[09/25/20, 23:52:26:486] info: Store: UPSERT_WEB_CONTENTS 
{
  "id": 1,
  "state": "webapp-loaded"
}
[09/25/20, 23:52:26:736] info: Store: UPDATE_SETTINGS 
{
  "forceHiddenInsetTitleBar": false
}
[09/25/20, 23:52:26:737] info: Store: UPDATE_SETTINGS 
{
  "trafficLightPosition": {
    "x": 14,
    "y": 22
  }
}
[09/25/20, 23:52:26:737] info: Store: UPDATE_SETTINGS 
{
  "isIAEnabled": true
}
[09/25/20, 23:52:27:378] info: Store: SET_NETWORK_STATUS online
[09/25/20, 23:52:31:481] info: Store: persist/FLUSH 
[09/26/20, 02:41:58:480] info: Store: UPSERT_WEB_CONTENTS 
{
  "id": 1,
  "history": "[REDACTED]"
}
[09/26/20, 02:41:58:843] info: registerLifeCycleEvents: webContents:1 from 'webapp-loaded' to 'loaded' took 364 ms 
[09/26/20, 02:41:58:843] info: Store: UPSERT_WEB_CONTENTS 
{
  "id": 1,
  "state": "loaded"
}
[09/26/20, 02:41:59:172] info: Store: UPDATE_SETTINGS 
{
  "userTheme": "light"
}
[09/26/20, 02:41:59:172] info: Store: UPDATE_SETTINGS 
{
  "systemThemeSyncEnabled": false
}
[09/26/20, 02:41:59:655] info: Store: SYNC (Empty)
[09/26/20, 02:41:59:663] info: Store: SELECTION_CHANGED T04H20B8T
[09/26/20, 02:41:59:701] info: Store: REDUX_UPDATE_FROM_WEBAPP (T04H20B8T) Changed keys [theme,notificationPrefs,featureFlags,unreads,locale]
[09/26/20, 02:41:59:728] info: Store: REDUX_UPDATE_FROM_WEBAPP (T04H20B8T) Changed keys [featureFlags,version,userId]
[09/26/20, 02:41:59:731] info: Store: REDUX_UPDATE_FROM_WEBAPP (T04H20B8T) Changed keys [theme,notificationPrefs,unreads]
[09/26/20, 02:41:59:806] info: Store: SYNC Synced 1 workspaces with IDs [T04H20B8T]
[09/26/20, 02:41:59:813] info: Store: SELECTION_CHANGED T04H20B8T
[09/26/20, 02:41:59:814] info: registerLifeCycleEvents: webContents:1 from 'loaded' to 'webapp-loaded' took 971 ms 
[09/26/20, 02:41:59:814] info: Store: UPSERT_WEB_CONTENTS 
{
  "id": 1,
  "state": "webapp-loaded"
}
[09/26/20, 02:42:00:029] info: Store: UPDATE_SETTINGS 
{
  "forceHiddenInsetTitleBar": false
}
[09/26/20, 02:42:00:030] info: Store: UPDATE_SETTINGS 
{
  "trafficLightPosition": {
    "x": 14,
    "y": 22
  }
}
[09/26/20, 02:42:00:030] info: Store: UPDATE_SETTINGS 
{
  "isIAEnabled": true
}
[09/26/20, 02:42:00:527] info: Store: SET_NETWORK_STATUS online
[09/26/20, 02:42:04:809] info: Store: persist/FLUSH 
[09/26/20, 05:29:05:480] info: Store: UPSERT_WEB_CONTENTS 
{
  "id": 1,
  "history": "[REDACTED]"
}
[09/26/20, 05:29:05:733] info: registerLifeCycleEvents: webContents:1 from 'webapp-loaded' to 'loaded' took 253 ms 
[09/26/20, 05:29:05:733] info: Store: UPSERT_WEB_CONTENTS 
{
  "id": 1,
  "state": "loaded"
}
[09/26/20, 05:29:06:091] info: Store: UPDATE_SETTINGS 
{
  "userTheme": "light"
}
[09/26/20, 05:29:06:093] info: Store: UPDATE_SETTINGS 
{
  "systemThemeSyncEnabled": false
}
[09/26/20, 05:29:06:593] info: Store: SYNC (Empty)
[09/26/20, 05:29:06:599] info: Store: SELECTION_CHANGED T04H20B8T
[09/26/20, 05:29:06:639] info: Store: REDUX_UPDATE_FROM_WEBAPP (T04H20B8T) Changed keys [theme,notificationPrefs,featureFlags,unreads,locale]
[09/26/20, 05:29:06:667] info: Store: REDUX_UPDATE_FROM_WEBAPP (T04H20B8T) Changed keys [featureFlags,version,userId]
[09/26/20, 05:29:06:670] info: Store: REDUX_UPDATE_FROM_WEBAPP (T04H20B8T) Changed keys [theme,notificationPrefs,unreads]
[09/26/20, 05:29:06:743] info: Store: SYNC Synced 1 workspaces with IDs [T04H20B8T]
[09/26/20, 05:29:06:749] info: Store: SELECTION_CHANGED T04H20B8T
[09/26/20, 05:29:06:752] info: registerLifeCycleEvents: webContents:1 from 'loaded' to 'webapp-loaded' took 1019 ms 
[09/26/20, 05:29:06:752] info: Store: UPSERT_WEB_CONTENTS 
{
  "id": 1,
  "state": "webapp-loaded"
}
[09/26/20, 05:29:06:958] info: Store: UPDATE_SETTINGS 
{
  "forceHiddenInsetTitleBar": false
}
[09/26/20, 05:29:06:960] info: Store: UPDATE_SETTINGS 
{
  "trafficLightPosition": {
    "x": 14,
    "y": 22
  }
}
[09/26/20, 05:29:06:960] info: Store: UPDATE_SETTINGS 
{
  "isIAEnabled": true
}
[09/26/20, 05:29:07:366] info: Store: SET_NETWORK_STATUS online
[09/26/20, 05:29:11:745] info: Store: persist/FLUSH 
[09/26/20, 08:12:53:483] info: Store: UPSERT_WEB_CONTENTS 
{
  "id": 1,
  "history": "[REDACTED]"
}
[09/26/20, 08:12:53:726] info: registerLifeCycleEvents: webContents:1 from 'webapp-loaded' to 'loaded' took 244 ms 
[09/26/20, 08:12:53:726] info: Store: UPSERT_WEB_CONTENTS 
{
  "id": 1,
  "state": "loaded"
}
[09/26/20, 08:12:54:063] info: Store: UPDATE_SETTINGS 
{
  "userTheme": "light"
}
[09/26/20, 08:12:54:064] info: Store: UPDATE_SETTINGS 
{
  "systemThemeSyncEnabled": false
}
[09/26/20, 08:12:54:542] info: Store: SYNC (Empty)
[09/26/20, 08:12:54:548] info: Store: SELECTION_CHANGED T04H20B8T
[09/26/20, 08:12:54:578] info: Store: REDUX_UPDATE_FROM_WEBAPP (T04H20B8T) Changed keys [theme,notificationPrefs,featureFlags,unreads,locale]
[09/26/20, 08:12:54:605] info: Store: REDUX_UPDATE_FROM_WEBAPP (T04H20B8T) Changed keys [featureFlags,version,userId]
[09/26/20, 08:12:54:609] info: Store: REDUX_UPDATE_FROM_WEBAPP (T04H20B8T) Changed keys [theme,notificationPrefs,unreads]
[09/26/20, 08:12:54:682] info: Store: SYNC Synced 1 workspaces with IDs [T04H20B8T]
[09/26/20, 08:12:54:687] info: Store: SELECTION_CHANGED T04H20B8T
[09/26/20, 08:12:54:689] info: registerLifeCycleEvents: webContents:1 from 'loaded' to 'webapp-loaded' took 963 ms 
[09/26/20, 08:12:54:689] info: Store: UPSERT_WEB_CONTENTS 
{
  "id": 1,
  "state": "webapp-loaded"
}
[09/26/20, 08:12:54:892] info: Store: UPDATE_SETTINGS 
{
  "forceHiddenInsetTitleBar": false
}
[09/26/20, 08:12:54:893] info: Store: UPDATE_SETTINGS 
{
  "trafficLightPosition": {
    "x": 14,
    "y": 22
  }
}
[09/26/20, 08:12:54:894] info: Store: UPDATE_SETTINGS 
{
  "isIAEnabled": true
}
[09/26/20, 08:12:55:300] info: Store: SET_NETWORK_STATUS online
[09/26/20, 08:12:59:684] info: Store: persist/FLUSH 
[09/26/20, 13:45:19:481] info: Store: UPSERT_WEB_CONTENTS 
{
  "id": 1,
  "history": "[REDACTED]"
}
[09/26/20, 13:45:19:697] info: registerLifeCycleEvents: webContents:1 from 'webapp-loaded' to 'loaded' took 217 ms 
[09/26/20, 13:45:19:697] info: Store: UPSERT_WEB_CONTENTS 
{
  "id": 1,
  "state": "loaded"
}
[09/26/20, 13:45:20:051] info: Store: UPDATE_SETTINGS 
{
  "userTheme": "light"
}
[09/26/20, 13:45:20:051] info: Store: UPDATE_SETTINGS 
{
  "systemThemeSyncEnabled": false
}
[09/26/20, 13:45:20:526] info: Store: SYNC (Empty)
[09/26/20, 13:45:20:532] info: Store: SELECTION_CHANGED T04H20B8T
[09/26/20, 13:45:20:563] info: Store: REDUX_UPDATE_FROM_WEBAPP (T04H20B8T) Changed keys [theme,notificationPrefs,featureFlags,unreads,locale]
[09/26/20, 13:45:20:594] info: Store: REDUX_UPDATE_FROM_WEBAPP (T04H20B8T) Changed keys [featureFlags,version,userId]
[09/26/20, 13:45:20:597] info: Store: REDUX_UPDATE_FROM_WEBAPP (T04H20B8T) Changed keys [theme,notificationPrefs,unreads]
[09/26/20, 13:45:20:668] info: Store: SYNC Synced 1 workspaces with IDs [T04H20B8T]
[09/26/20, 13:45:20:673] info: Store: SELECTION_CHANGED T04H20B8T
[09/26/20, 13:45:20:674] info: registerLifeCycleEvents: webContents:1 from 'loaded' to 'webapp-loaded' took 977 ms 
[09/26/20, 13:45:20:675] info: Store: UPSERT_WEB_CONTENTS 
{
  "id": 1,
  "state": "webapp-loaded"
}
[09/26/20, 13:45:20:881] info: Store: UPDATE_SETTINGS 
{
  "forceHiddenInsetTitleBar": false
}
[09/26/20, 13:45:20:881] info: Store: UPDATE_SETTINGS 
{
  "trafficLightPosition": {
    "x": 14,
    "y": 22
  }
}
[09/26/20, 13:45:20:882] info: Store: UPDATE_SETTINGS 
{
  "isIAEnabled": true
}
[09/26/20, 13:45:21:295] info: Store: SET_NETWORK_STATUS online
[09/26/20, 13:45:25:670] info: Store: persist/FLUSH 
[09/26/20, 18:08:29:501] info: Store: UPSERT_WEB_CONTENTS 
{
  "id": 1,
  "history": "[REDACTED]"
}
[09/26/20, 18:08:29:722] info: registerLifeCycleEvents: webContents:1 from 'webapp-loaded' to 'loaded' took 222 ms 
[09/26/20, 18:08:29:722] info: Store: UPSERT_WEB_CONTENTS 
{
  "id": 1,
  "state": "loaded"
}
[09/26/20, 18:08:30:089] info: Store: UPDATE_SETTINGS 
{
  "userTheme": "light"
}
[09/26/20, 18:08:30:090] info: Store: UPDATE_SETTINGS 
{
  "systemThemeSyncEnabled": false
}
[09/26/20, 18:08:30:551] info: Store: SYNC (Empty)
[09/26/20, 18:08:30:558] info: Store: SELECTION_CHANGED T04H20B8T
[09/26/20, 18:08:30:596] info: Store: REDUX_UPDATE_FROM_WEBAPP (T04H20B8T) Changed keys [theme,notificationPrefs,featureFlags,unreads,locale]
[09/26/20, 18:08:30:624] info: Store: REDUX_UPDATE_FROM_WEBAPP (T04H20B8T) Changed keys [featureFlags,version,userId]
[09/26/20, 18:08:30:626] info: Store: REDUX_UPDATE_FROM_WEBAPP (T04H20B8T) Changed keys [theme,notificationPrefs,unreads]
[09/26/20, 18:08:30:698] info: Store: SYNC Synced 1 workspaces with IDs [T04H20B8T]
[09/26/20, 18:08:30:703] info: Store: SELECTION_CHANGED T04H20B8T
[09/26/20, 18:08:30:704] info: registerLifeCycleEvents: webContents:1 from 'loaded' to 'webapp-loaded' took 982 ms 
[09/26/20, 18:08:30:704] info: Store: UPSERT_WEB_CONTENTS 
{
  "id": 1,
  "state": "webapp-loaded"
}
[09/26/20, 18:08:30:905] info: Store: UPDATE_SETTINGS 
{
  "forceHiddenInsetTitleBar": false
}
[09/26/20, 18:08:30:906] info: Store: UPDATE_SETTINGS 
{
  "trafficLightPosition": {
    "x": 14,
    "y": 22
  }
}
[09/26/20, 18:08:30:907] info: Store: UPDATE_SETTINGS 
{
  "isIAEnabled": true
}
[09/26/20, 18:08:31:315] info: Store: SET_NETWORK_STATUS online
[09/26/20, 18:08:35:701] info: Store: persist/FLUSH 
[09/26/20, 18:48:42:406] info: Store: SET_SYSTEM_IDLE active
[09/26/20, 18:49:22:417] info: Store: SET_SYSTEM_IDLE idle_taskbar
[09/26/20, 18:58:52:816] info: Store: SET_SYSTEM_IDLE idle_presence
[09/26/20, 19:06:43:155] info: Store: SET_SYSTEM_IDLE active
[09/26/20, 19:07:03:165] info: Store: SET_SYSTEM_IDLE idle_taskbar
[09/26/20, 19:16:43:573] info: Store: SET_SYSTEM_IDLE idle_presence
[09/26/20, 20:38:07:346] info: Store: SET_SYSTEM_IDLE active
[09/26/20, 20:38:37:366] info: Store: SET_SYSTEM_IDLE idle_taskbar
[09/26/20, 20:48:17:829] info: Store: SET_SYSTEM_IDLE idle_presence
[09/26/20, 20:49:37:897] info: Store: SET_SYSTEM_IDLE active
[09/26/20, 20:49:57:905] info: Store: SET_SYSTEM_IDLE idle_taskbar
[09/26/20, 20:50:17:913] info: Store: SET_SYSTEM_IDLE active
[09/26/20, 20:50:37:925] info: Store: SET_SYSTEM_IDLE idle_taskbar
[09/26/20, 20:50:57:937] info: Store: SET_SYSTEM_IDLE active
[09/26/20, 20:51:27:953] info: Store: SET_SYSTEM_IDLE idle_taskbar
[09/26/20, 21:01:08:429] info: Store: SET_SYSTEM_IDLE idle_presence
[09/26/20, 22:15:04:489] info: Store: UPSERT_WEB_CONTENTS 
{
  "id": 1,
  "history": "[REDACTED]"
}
[09/26/20, 22:15:04:727] info: registerLifeCycleEvents: webContents:1 from 'webapp-loaded' to 'loaded' took 239 ms 
[09/26/20, 22:15:04:727] info: Store: UPSERT_WEB_CONTENTS 
{
  "id": 1,
  "state": "loaded"
}
[09/26/20, 22:15:05:340] info: Store: UPDATE_SETTINGS 
{
  "userTheme": "light"
}
[09/26/20, 22:15:05:341] info: Store: UPDATE_SETTINGS 
{
  "systemThemeSyncEnabled": false
}
[09/26/20, 22:15:06:018] info: Store: SYNC (Empty)
[09/26/20, 22:15:06:025] info: Store: SELECTION_CHANGED T04H20B8T
[09/26/20, 22:15:06:069] info: Store: REDUX_UPDATE_FROM_WEBAPP (T04H20B8T) Changed keys [theme,notificationPrefs,featureFlags,unreads,locale]
[09/26/20, 22:15:06:097] info: Store: REDUX_UPDATE_FROM_WEBAPP (T04H20B8T) Changed keys [featureFlags,version,userId]
[09/26/20, 22:15:06:101] info: Store: REDUX_UPDATE_FROM_WEBAPP (T04H20B8T) Changed keys [theme,notificationPrefs,unreads]
[09/26/20, 22:15:06:171] info: Store: SYNC Synced 1 workspaces with IDs [T04H20B8T]
[09/26/20, 22:15:06:177] info: Store: SELECTION_CHANGED T04H20B8T
[09/26/20, 22:15:06:178] info: registerLifeCycleEvents: webContents:1 from 'loaded' to 'webapp-loaded' took 1451 ms 
[09/26/20, 22:15:06:178] info: Store: UPSERT_WEB_CONTENTS 
{
  "id": 1,
  "state": "webapp-loaded"
}
[09/26/20, 22:15:06:396] info: Store: UPDATE_SETTINGS 
{
  "forceHiddenInsetTitleBar": false
}
[09/26/20, 22:15:06:397] info: Store: UPDATE_SETTINGS 
{
  "trafficLightPosition": {
    "x": 14,
    "y": 22
  }
}
[09/26/20, 22:15:06:397] info: Store: UPDATE_SETTINGS 
{
  "isIAEnabled": true
}
[09/26/20, 22:15:06:867] info: Store: SET_NETWORK_STATUS online
[09/26/20, 22:15:11:173] info: Store: persist/FLUSH 
[09/27/20, 08:48:21:138] info: Store: SET_SYSTEM_IDLE active
[09/27/20, 08:48:41:148] info: Store: SET_SYSTEM_IDLE idle_taskbar
[09/27/20, 08:58:21:599] info: Store: SET_SYSTEM_IDLE idle_presence
[09/27/20, 14:01:25:729] info: Store: SET_SYSTEM_IDLE active
[09/27/20, 14:01:45:741] info: Store: SET_SYSTEM_IDLE idle_taskbar
[09/27/20, 14:11:26:140] info: Store: SET_SYSTEM_IDLE idle_presence
[09/28/20, 08:57:07:696] info: Store: SET_SYSTEM_IDLE active
[09/28/20, 08:57:37:710] info: Store: SET_SYSTEM_IDLE idle_taskbar
[09/28/20, 08:58:37:747] info: Store: SET_SYSTEM_IDLE active
[09/28/20, 08:58:57:757] info: Store: SET_SYSTEM_IDLE idle_taskbar
[09/28/20, 09:08:38:197] info: Store: SET_SYSTEM_IDLE idle_presence
[09/28/20, 09:55:20:486] info: Store: SET_SYSTEM_IDLE active
[09/28/20, 09:55:40:498] info: Store: SET_SYSTEM_IDLE idle_taskbar
[09/28/20, 10:00:30:752] info: Store: SET_SYSTEM_IDLE active
[09/28/20, 10:00:50:764] info: Store: SET_SYSTEM_IDLE idle_taskbar
[09/28/20, 10:01:00:764] info: Store: SET_SYSTEM_IDLE active
[09/28/20, 10:01:20:773] info: Store: SET_SYSTEM_IDLE idle_taskbar
[09/28/20, 10:05:51:003] info: Store: SET_SYSTEM_IDLE active
[09/28/20, 10:06:21:016] info: Store: SET_SYSTEM_IDLE idle_taskbar
[09/28/20, 10:15:01:389] info: Store: SET_SYSTEM_IDLE active
[09/28/20, 10:15:31:401] info: Store: SET_SYSTEM_IDLE idle_taskbar
[09/28/20, 10:18:51:533] info: Store: SET_SYSTEM_IDLE active
[09/28/20, 10:19:11:541] info: Store: SET_SYSTEM_IDLE idle_taskbar
[09/28/20, 10:28:51:939] info: Store: SET_SYSTEM_IDLE idle_presence
[09/28/20, 13:32:30:422] info: Store: SET_SYSTEM_IDLE active
[09/28/20, 13:32:50:435] info: Store: SET_SYSTEM_IDLE idle_taskbar
[09/28/20, 13:42:30:900] info: Store: SET_SYSTEM_IDLE idle_presence
[09/28/20, 17:34:31:493] info: Store: SET_SYSTEM_IDLE active
[09/28/20, 17:35:11:522] info: Store: SET_SYSTEM_IDLE idle_taskbar
[09/28/20, 17:44:51:990] info: Store: SET_SYSTEM_IDLE idle_presence
[09/28/20, 18:12:03:296] info: Store: SET_SYSTEM_IDLE active
[09/28/20, 18:12:23:305] info: Store: SET_SYSTEM_IDLE idle_taskbar
[09/28/20, 18:22:03:712] info: Store: SET_SYSTEM_IDLE idle_presence
[09/29/20, 16:46:25:357] info: Store: SET_SYSTEM_IDLE active
[09/29/20, 16:46:55:375] info: Store: SET_SYSTEM_IDLE idle_taskbar
[09/29/20, 16:56:25:809] info: Store: SET_SYSTEM_IDLE idle_presence
[09/29/20, 17:06:56:287] info: Store: SET_SYSTEM_IDLE active
[09/29/20, 17:07:16:297] info: Store: SET_SYSTEM_IDLE idle_taskbar
[09/29/20, 17:16:56:732] info: Store: SET_SYSTEM_IDLE idle_presence
[09/29/20, 19:29:52:959] info: Store: SET_SYSTEM_IDLE active
[09/29/20, 19:30:12:969] info: Store: SET_SYSTEM_IDLE idle_taskbar
[09/29/20, 19:39:53:401] info: Store: SET_SYSTEM_IDLE idle_presence
[09/29/20, 19:48:13:799] info: Store: SET_SYSTEM_IDLE active
[09/29/20, 19:48:33:801] info: Store: SET_SYSTEM_IDLE idle_taskbar
[09/29/20, 19:58:14:245] info: Store: SET_SYSTEM_IDLE idle_presence
[09/29/20, 20:46:26:398] info: Store: SET_SYSTEM_IDLE active
[09/29/20, 20:46:56:414] info: Store: SET_SYSTEM_IDLE idle_taskbar
[09/29/20, 20:53:46:708] info: Store: SET_SYSTEM_IDLE active
[09/29/20, 20:54:26:735] info: Store: SET_SYSTEM_IDLE idle_taskbar
[09/29/20, 20:54:36:739] info: Store: SET_SYSTEM_IDLE active
[09/29/20, 20:57:26:873] info: Store: SET_SYSTEM_IDLE idle_taskbar
[09/29/20, 21:07:07:323] info: Store: SET_SYSTEM_IDLE idle_presence
[09/29/20, 22:18:00:738] info: Store: SET_SYSTEM_IDLE active
[09/29/20, 22:19:10:789] info: Store: SET_SYSTEM_IDLE idle_taskbar
[09/29/20, 22:28:51:242] info: Store: SET_SYSTEM_IDLE idle_presence
[09/30/20, 16:42:01:306] info: Store: SET_SYSTEM_IDLE active
[09/30/20, 16:42:21:310] info: Store: SET_SYSTEM_IDLE idle_taskbar
[09/30/20, 16:42:51:325] info: Store: SET_SYSTEM_IDLE active
[09/30/20, 16:43:11:334] info: Store: SET_SYSTEM_IDLE idle_taskbar
[09/30/20, 16:44:11:375] info: Store: SET_SYSTEM_IDLE active
[09/30/20, 16:44:41:390] info: Store: SET_SYSTEM_IDLE idle_taskbar
[09/30/20, 16:44:51:392] info: Store: SET_SYSTEM_IDLE active
[09/30/20, 16:45:11:401] info: Store: SET_SYSTEM_IDLE idle_taskbar
[09/30/20, 16:54:51:832] info: Store: SET_SYSTEM_IDLE idle_presence
[09/30/20, 18:39:56:777] info: Store: SET_SYSTEM_IDLE active
[09/30/20, 18:40:26:795] info: Store: SET_SYSTEM_IDLE idle_taskbar
[09/30/20, 18:50:07:286] info: Store: SET_SYSTEM_IDLE idle_presence
[09/30/20, 19:24:48:829] info: Store: SET_SYSTEM_IDLE active
[09/30/20, 19:25:08:834] info: Store: SET_SYSTEM_IDLE idle_taskbar
[09/30/20, 19:34:49:224] info: Store: SET_SYSTEM_IDLE idle_presence
[09/30/20, 20:52:32:713] info: Store: SET_SYSTEM_IDLE active
[09/30/20, 20:53:02:736] info: Store: SET_SYSTEM_IDLE idle_taskbar
[09/30/20, 20:53:42:758] info: Store: SET_SYSTEM_IDLE active
[09/30/20, 20:54:02:770] info: Store: SET_SYSTEM_IDLE idle_taskbar
[09/30/20, 21:03:43:212] info: Store: SET_SYSTEM_IDLE idle_presence
[09/30/20, 21:17:03:837] info: Store: SET_SYSTEM_IDLE active
[09/30/20, 21:17:33:855] info: Store: SET_SYSTEM_IDLE idle_taskbar
[09/30/20, 21:24:44:190] info: Store: SET_SYSTEM_IDLE active
[09/30/20, 21:25:04:196] info: Store: SET_SYSTEM_IDLE idle_taskbar
[09/30/20, 21:26:24:244] info: Store: SET_SYSTEM_IDLE active
[09/30/20, 21:26:44:251] info: Store: SET_SYSTEM_IDLE idle_taskbar
[09/30/20, 21:27:54:301] info: Store: SET_SYSTEM_IDLE active
[09/30/20, 21:28:24:324] info: Store: SET_SYSTEM_IDLE idle_taskbar
[09/30/20, 21:28:44:329] info: Store: SET_SYSTEM_IDLE active
[09/30/20, 21:29:04:341] info: Store: SET_SYSTEM_IDLE idle_taskbar
[09/30/20, 21:38:44:797] info: Store: SET_SYSTEM_IDLE idle_presence
[09/30/20, 22:16:36:610] info: Store: SET_SYSTEM_IDLE active
[09/30/20, 22:17:26:647] info: Store: SET_SYSTEM_IDLE idle_taskbar
[09/30/20, 22:27:07:137] info: Store: SET_SYSTEM_IDLE idle_presence
[10/01/20, 10:13:59:637] info: Store: SET_SYSTEM_IDLE active
[10/01/20, 10:14:19:647] info: Store: SET_SYSTEM_IDLE idle_taskbar
[10/01/20, 10:15:39:710] info: Store: SET_SYSTEM_IDLE active
[10/01/20, 10:15:59:721] info: Store: SET_SYSTEM_IDLE idle_taskbar
[10/01/20, 10:25:40:160] info: Store: SET_SYSTEM_IDLE idle_presence
[10/01/20, 10:35:10:622] info: Store: SET_SYSTEM_IDLE active
[10/01/20, 10:35:30:635] info: Store: SET_SYSTEM_IDLE idle_taskbar
[10/01/20, 10:42:50:990] info: Store: SET_SYSTEM_IDLE active
[10/01/20, 10:43:21:004] info: Store: SET_SYSTEM_IDLE idle_taskbar
[10/01/20, 10:53:01:479] info: Store: SET_SYSTEM_IDLE idle_presence
[10/01/20, 18:14:31:747] info: Store: SET_SYSTEM_IDLE active
[10/01/20, 18:28:42:440] info: Store: SET_SYSTEM_IDLE idle_taskbar
[10/01/20, 18:38:22:989] info: Store: SET_SYSTEM_IDLE idle_presence
[10/01/20, 20:30:18:170] info: Store: SET_SYSTEM_IDLE active
[10/01/20, 20:30:58:196] info: Store: SET_SYSTEM_IDLE idle_taskbar
[10/01/20, 20:31:48:230] info: Store: SET_SYSTEM_IDLE active
[10/01/20, 20:32:08:244] info: Store: SET_SYSTEM_IDLE idle_taskbar
[10/01/20, 20:32:58:278] info: Store: SET_SYSTEM_IDLE active
[10/01/20, 20:33:58:325] info: Store: SET_SYSTEM_IDLE idle_taskbar
[10/01/20, 20:36:08:393] info: Store: SET_SYSTEM_IDLE active
[10/01/20, 20:48:08:936] info: Store: SET_SYSTEM_IDLE idle_taskbar
[10/01/20, 20:48:28:949] info: Store: SET_SYSTEM_IDLE active
[10/01/20, 20:49:08:968] info: Store: SET_SYSTEM_IDLE idle_taskbar
[10/01/20, 20:49:18:971] info: Store: SET_SYSTEM_IDLE active
[10/01/20, 20:49:48:984] info: Store: SET_SYSTEM_IDLE idle_taskbar
[10/01/20, 20:53:29:146] info: Store: SET_SYSTEM_IDLE active
[10/01/20, 21:34:31:092] info: Store: SET_SYSTEM_IDLE idle_taskbar
[10/01/20, 21:34:41:094] info: Store: SET_SYSTEM_IDLE active
[10/01/20, 21:41:01:369] info: Store: SET_SYSTEM_IDLE idle_taskbar
[10/01/20, 21:41:11:370] info: Store: SET_SYSTEM_IDLE active
[10/01/20, 21:57:22:129] info: Store: SET_SYSTEM_IDLE idle_taskbar
[10/01/20, 21:57:32:130] info: Store: SET_SYSTEM_IDLE active
[10/01/20, 21:58:32:171] info: Store: SET_SYSTEM_IDLE idle_taskbar
[10/01/20, 22:05:32:412] info: Store: SET_SYSTEM_IDLE active
[10/01/20, 22:19:13:089] info: Store: SET_SYSTEM_IDLE idle_taskbar
[10/01/20, 22:28:53:902] info: Store: SET_SYSTEM_IDLE idle_presence
[10/02/20, 10:15:30:518] info: Store: NEW_NOTIFICATION 
{
  "id": "T04H20B8T_1601658930.000200",
  "title": "[REDACTED]",
  "subtitle": "[REDACTED]",
  "content": "[REDACTED]",
  "authorName": "[REDACTED]",
  "avatarImage": "[REDACTED]",
  "teamId": "T04H20B8T",
  "userId": "UGSMJ7MSL",
  "msg": "1601658930.000200",
  "channel": "D016Z7BLMJB",
  "channelName": "[REDACTED]",
  "launchUri": "slack://channel?id=D016Z7BLMJB&message=1601658930.000200&team=T04H20B8T",
  "silent": true
}
[10/02/20, 10:15:30:519] info: Creating new Electron notification. 
[10/02/20, 10:15:30:996] info: Store: REDUX_UPDATE_FROM_WEBAPP (T04H20B8T) Changed keys [unreads]
[10/02/20, 10:15:36:993] info: Store: SET_SYSTEM_IDLE active
[10/02/20, 10:15:57:002] info: Store: SET_SYSTEM_IDLE idle_taskbar
[10/02/20, 10:25:37:456] info: Store: SET_SYSTEM_IDLE idle_presence
[10/02/20, 10:37:08:806] info: Store: REDUX_UPDATE_FROM_WEBAPP (T04H20B8T) Changed keys [unreads]
[10/02/20, 11:01:30:898] info: Store: REDUX_UPDATE_FROM_WEBAPP (T04H20B8T) Changed keys [unreads]
[10/02/20, 17:41:58:089] info: Store: SET_SYSTEM_IDLE active
[10/02/20, 17:42:28:109] info: Store: SET_SYSTEM_IDLE idle_taskbar
[10/02/20, 17:42:38:113] info: Store: SET_SYSTEM_IDLE active
[10/02/20, 17:42:58:121] info: Store: SET_SYSTEM_IDLE idle_taskbar
[10/02/20, 17:52:38:579] info: Store: SET_SYSTEM_IDLE idle_presence
[10/02/20, 19:46:13:919] info: Store: SET_SYSTEM_IDLE active
[10/02/20, 19:46:33:930] info: Store: SET_SYSTEM_IDLE idle_taskbar
[10/02/20, 19:56:14:388] info: Store: SET_SYSTEM_IDLE idle_presence
[10/02/20, 20:21:45:561] info: Store: SET_SYSTEM_IDLE active
[10/02/20, 20:22:05:573] info: Store: SET_SYSTEM_IDLE idle_taskbar
[10/02/20, 20:31:46:037] info: Store: SET_SYSTEM_IDLE idle_presence
[10/02/20, 21:32:09:006] info: Store: SET_SYSTEM_IDLE active
[10/02/20, 21:49:39:817] info: Store: SET_SYSTEM_IDLE idle_taskbar
[10/02/20, 21:49:59:821] info: Store: SET_SYSTEM_IDLE active
[10/02/20, 22:02:10:389] info: Store: SET_SYSTEM_IDLE idle_taskbar
[10/02/20, 22:02:30:399] info: Store: SET_SYSTEM_IDLE active
[10/02/20, 22:19:21:235] info: Store: SET_SYSTEM_IDLE idle_taskbar
[10/02/20, 22:19:31:236] info: Store: SET_SYSTEM_IDLE active
[10/02/20, 22:32:51:885] info: Store: SET_SYSTEM_IDLE idle_taskbar
[10/02/20, 22:42:32:396] info: Store: SET_SYSTEM_IDLE idle_presence
[10/02/20, 22:48:42:702] info: Store: SET_SYSTEM_IDLE active
[10/02/20, 22:54:02:908] info: Store: SET_SYSTEM_IDLE idle_taskbar
[10/02/20, 22:54:12:910] info: Store: SET_SYSTEM_IDLE active
[10/02/20, 23:08:13:561] info: Store: SET_SYSTEM_IDLE idle_taskbar
[10/02/20, 23:17:53:947] info: Store: SET_SYSTEM_IDLE idle_presence
[10/03/20, 12:26:31:007] info: Store: SET_SYSTEM_IDLE active
[10/03/20, 12:27:01:024] info: Store: SET_SYSTEM_IDLE idle_taskbar
[10/03/20, 12:36:41:501] info: Store: SET_SYSTEM_IDLE idle_presence
[10/03/20, 16:11:11:611] info: Store: SET_SYSTEM_IDLE active
[10/03/20, 16:11:31:621] info: Store: SET_SYSTEM_IDLE idle_taskbar
[10/03/20, 16:21:12:045] info: Store: SET_SYSTEM_IDLE idle_presence
[10/03/20, 17:01:43:910] info: Store: SET_SYSTEM_IDLE active
[10/03/20, 17:02:23:933] info: Store: SET_SYSTEM_IDLE idle_taskbar
[10/03/20, 17:11:14:361] info: Store: SET_SYSTEM_IDLE active
[10/03/20, 17:11:34:377] info: Store: SET_SYSTEM_IDLE idle_taskbar
[10/03/20, 17:21:14:803] info: Store: SET_SYSTEM_IDLE idle_presence
[10/03/20, 17:23:14:883] info: Store: SET_SYSTEM_IDLE active
[10/03/20, 17:23:34:896] info: Store: SET_SYSTEM_IDLE idle_taskbar
[10/03/20, 17:33:15:376] info: Store: SET_SYSTEM_IDLE idle_presence
[10/03/20, 18:23:27:901] info: Store: SET_SYSTEM_IDLE active
[10/03/20, 18:45:58:837] info: Store: SET_SYSTEM_IDLE idle_taskbar
[10/03/20, 18:46:08:838] info: Store: SET_SYSTEM_IDLE active
[10/03/20, 19:11:19:973] info: Store: SET_SYSTEM_IDLE idle_taskbar
[10/03/20, 19:11:39:981] info: Store: SET_SYSTEM_IDLE active
[10/03/20, 19:17:20:198] info: Store: SET_SYSTEM_IDLE idle_taskbar
[10/03/20, 19:17:40:210] info: Store: SET_SYSTEM_IDLE active
