[09/19/20, 11:21:09:016] info: 
╔════════════════════════════════════════════════════════════════════════════════╗
║      Slack 4.9.1, linux 5.4.0-45-generic on x64 at 09/19/20, 11:21:09:015      ║
╚════════════════════════════════════════════════════════════════════════════════╝ 
[09/19/20, 11:21:09:016] info: Configured logger via 
{
  "identifierOverride": "webapp-auth-console",
  "logLevel": "info",
  "numberOfInstances": 3
}
[09/19/20, 11:21:09:016] info: Predefined values for process 
{
  "NODE_ENV": "production",
  "platform": "linux",
  "type": "browser",
  "PACKAGE_MANIFEST.productName": "Slack",
  "PACKAGE_MANIFEST.version": "4.9.1",
  "PACKAGE_MANIFEST.commit": "a4869bd",
  "PACKAGE_MANIFEST.branch": "HEAD"
}
