[2020-10-19 20:08:21.437] [sharedprocess] [info] main {"machineId":"c814f0d776b9e1da49dba2b205b3478e0a2f589c53d5646c2d0873a55d395a36","windowId":2}
[2020-10-19 20:08:21.615] [sharedprocess] [info] Deleted from disk amiralizadeh9480.laravel-extra-intellisense /home/mmillis/.vscode/extensions/amiralizadeh9480.laravel-extra-intellisense-0.3.3
[2020-10-19 20:08:21.820] [sharedprocess] [info] Deleted from disk ms-python.python /home/mmillis/.vscode/extensions/ms-python.python-2020.9.111407
[2020-10-19 20:08:23.067] [sharedprocess] [info] Installing extension: mohamedbenhida.laravel-intellisense
[2020-10-19 20:08:23.069] [sharedprocess] [info] Installing extension: ms-python.python
[2020-10-19 20:08:23.070] [sharedprocess] [info] Installing extension: stef-k.laravel-goto-controller
[2020-10-19 20:08:23.730] [sharedprocess] [info] Downloaded extension: stef-k.laravel-goto-controller /home/mmillis/.config/Code/CachedExtensionVSIXs/stef-k.laravel-goto-controller-0.0.12
[2020-10-19 20:08:23.795] [sharedprocess] [info] Downloaded extension: mohamedbenhida.laravel-intellisense /home/mmillis/.config/Code/CachedExtensionVSIXs/mohamedbenhida.laravel-intellisense-0.1.9
[2020-10-19 20:08:23.834] [sharedprocess] [info] Extracted extension to /home/mmillis/.vscode/extensions/.stef-k.laravel-goto-controller-0.0.12: stef-k.laravel-goto-controller
[2020-10-19 20:08:23.834] [sharedprocess] [info] Renamed to /home/mmillis/.vscode/extensions/stef-k.laravel-goto-controller-0.0.12
[2020-10-19 20:08:23.835] [sharedprocess] [info] Installation completed. stef-k.laravel-goto-controller
[2020-10-19 20:08:23.845] [sharedprocess] [info] Extensions installed successfully: stef-k.laravel-goto-controller
[2020-10-19 20:08:23.868] [sharedprocess] [info] Extracted extension to /home/mmillis/.vscode/extensions/.mohamedbenhida.laravel-intellisense-0.1.9: mohamedbenhida.laravel-intellisense
[2020-10-19 20:08:23.868] [sharedprocess] [info] Renamed to /home/mmillis/.vscode/extensions/mohamedbenhida.laravel-intellisense-0.1.9
[2020-10-19 20:08:23.868] [sharedprocess] [info] Installation completed. mohamedbenhida.laravel-intellisense
[2020-10-19 20:08:23.882] [sharedprocess] [info] Extensions installed successfully: mohamedbenhida.laravel-intellisense
[2020-10-19 20:08:27.851] [sharedprocess] [info] Downloaded extension: ms-python.python /home/mmillis/.config/Code/CachedExtensionVSIXs/ms-python.python-2020.9.114305
[2020-10-19 20:08:34.329] [sharedprocess] [info] Extracted extension to /home/mmillis/.vscode/extensions/.ms-python.python-2020.9.114305: ms-python.python
[2020-10-19 20:08:34.329] [sharedprocess] [info] Renamed to /home/mmillis/.vscode/extensions/ms-python.python-2020.9.114305
[2020-10-19 20:08:34.333] [sharedprocess] [info] Installation completed. ms-python.python
[2020-10-19 20:08:34.366] [sharedprocess] [info] Extensions installed successfully: ms-python.python
[2020-10-19 20:09:01.451] [sharedprocess] [info] Starting to clean up unused language packs.
[2020-10-19 20:11:33.658] [sharedprocess] [info] Installing extension: vscode-icons-team.vscode-icons
[2020-10-19 20:11:34.163] [sharedprocess] [info] Downloaded extension: vscode-icons-team.vscode-icons /home/mmillis/.config/Code/CachedExtensionVSIXs/vscode-icons-team.vscode-icons-11.0.0
[2020-10-19 20:11:37.653] [sharedprocess] [info] Extracted extension to /home/mmillis/.vscode/extensions/.vscode-icons-team.vscode-icons-11.0.0: vscode-icons-team.vscode-icons
[2020-10-19 20:11:37.653] [sharedprocess] [info] Renamed to /home/mmillis/.vscode/extensions/vscode-icons-team.vscode-icons-11.0.0
[2020-10-19 20:11:37.655] [sharedprocess] [info] Installation completed. vscode-icons-team.vscode-icons
[2020-10-19 20:11:37.660] [sharedprocess] [info] Extensions installed successfully: vscode-icons-team.vscode-icons
[2020-10-19 20:14:57.883] [sharedprocess] [info] Installing extension: pkief.material-icon-theme
[2020-10-19 20:14:58.200] [sharedprocess] [info] Downloaded extension: pkief.material-icon-theme /home/mmillis/.config/Code/CachedExtensionVSIXs/pkief.material-icon-theme-4.3.0
[2020-10-19 20:14:59.643] [sharedprocess] [info] Extracted extension to /home/mmillis/.vscode/extensions/.pkief.material-icon-theme-4.3.0: pkief.material-icon-theme
[2020-10-19 20:14:59.643] [sharedprocess] [info] Renamed to /home/mmillis/.vscode/extensions/pkief.material-icon-theme-4.3.0
[2020-10-19 20:14:59.644] [sharedprocess] [info] Installation completed. pkief.material-icon-theme
[2020-10-19 20:14:59.655] [sharedprocess] [info] Extensions installed successfully: pkief.material-icon-theme
