[2020-11-07 09:47:38.350] [exthost] [info] extension host started
[2020-11-07 09:47:38.398] [exthost] [info] ExtensionService#_doActivateExtension vscode.microsoft-authentication {"startup":false,"extensionId":{"value":"vscode.microsoft-authentication","_lower":"vscode.microsoft-authentication"},"activationEvent":"onAuthenticationRequest:microsoft"}
[2020-11-07 09:47:38.399] [exthost] [info] ExtensionService#loadCommonJSModule file:///usr/share/code/resources/app/extensions/microsoft-authentication/dist/extension.js
[2020-11-07 09:47:38.424] [exthost] [info] ExtensionService#_doActivateExtension vscode.github-authentication {"startup":false,"extensionId":{"value":"vscode.github-authentication","_lower":"vscode.github-authentication"},"activationEvent":"onAuthenticationRequest:github"}
[2020-11-07 09:47:38.425] [exthost] [info] ExtensionService#loadCommonJSModule file:///usr/share/code/resources/app/extensions/github-authentication/dist/extension.js
[2020-11-07 09:47:38.447] [exthost] [info] ExtensionService#_doActivateExtension amiralizadeh9480.laravel-extra-intellisense {"startup":false,"extensionId":{"value":"amiralizadeh9480.laravel-extra-intellisense","_lower":"amiralizadeh9480.laravel-extra-intellisense"},"activationEvent":"onLanguage:php"}
[2020-11-07 09:47:38.447] [exthost] [info] ExtensionService#loadCommonJSModule file:///home/mmillis/.vscode/extensions/amiralizadeh9480.laravel-extra-intellisense-0.3.4/out/extension.js
[2020-11-07 09:47:38.457] [exthost] [info] ExtensionService#_doActivateExtension bmewburn.vscode-intelephense-client {"startup":false,"extensionId":{"value":"bmewburn.vscode-intelephense-client","_lower":"bmewburn.vscode-intelephense-client"},"activationEvent":"onLanguage:php"}
[2020-11-07 09:47:38.457] [exthost] [info] ExtensionService#loadCommonJSModule file:///home/mmillis/.vscode/extensions/bmewburn.vscode-intelephense-client-1.5.4/lib/extension
[2020-11-07 09:47:38.487] [exthost] [info] ExtensionService#_doActivateExtension codingyu.laravel-goto-view {"startup":false,"extensionId":{"value":"codingyu.laravel-goto-view","_lower":"codingyu.laravel-goto-view"},"activationEvent":"onLanguage:php"}
[2020-11-07 09:47:38.488] [exthost] [info] ExtensionService#loadCommonJSModule file:///home/mmillis/.vscode/extensions/codingyu.laravel-goto-view-1.3.3/out/src/extension
[2020-11-07 09:47:38.494] [exthost] [info] ExtensionService#_doActivateExtension vscode.debug-auto-launch {"startup":true,"extensionId":{"value":"vscode.debug-auto-launch","_lower":"vscode.debug-auto-launch"},"activationEvent":"*"}
[2020-11-07 09:47:38.494] [exthost] [info] ExtensionService#loadCommonJSModule file:///usr/share/code/resources/app/extensions/debug-auto-launch/dist/extension
[2020-11-07 09:47:38.506] [exthost] [info] ExtensionService#_doActivateExtension vscode.emmet {"startup":true,"extensionId":{"value":"vscode.emmet","_lower":"vscode.emmet"},"activationEvent":"*"}
[2020-11-07 09:47:38.506] [exthost] [info] ExtensionService#loadCommonJSModule file:///usr/share/code/resources/app/extensions/emmet/dist/node/emmetNodeMain
[2020-11-07 09:47:38.530] [exthost] [info] ExtensionService#_doActivateExtension vscode.git {"startup":true,"extensionId":{"value":"vscode.github","_lower":"vscode.github"},"activationEvent":"*"}
[2020-11-07 09:47:38.530] [exthost] [info] ExtensionService#loadCommonJSModule file:///usr/share/code/resources/app/extensions/git/dist/main
[2020-11-07 09:47:38.582] [exthost] [info] ExtensionService#_doActivateExtension vscode.merge-conflict {"startup":true,"extensionId":{"value":"vscode.merge-conflict","_lower":"vscode.merge-conflict"},"activationEvent":"*"}
[2020-11-07 09:47:38.582] [exthost] [info] ExtensionService#loadCommonJSModule file:///usr/share/code/resources/app/extensions/merge-conflict/dist/mergeConflictMain
[2020-11-07 09:47:38.590] [exthost] [info] ExtensionService#_doActivateExtension vscode.search-result {"startup":true,"extensionId":{"value":"vscode.search-result","_lower":"vscode.search-result"},"activationEvent":"*"}
[2020-11-07 09:47:38.590] [exthost] [info] ExtensionService#loadCommonJSModule file:///usr/share/code/resources/app/extensions/search-result/dist/extension.js
[2020-11-07 09:47:38.592] [exthost] [info] ExtensionService#_doActivateExtension mohamedbenhida.laravel-intellisense {"startup":true,"extensionId":{"value":"mohamedbenhida.laravel-intellisense","_lower":"mohamedbenhida.laravel-intellisense"},"activationEvent":"*"}
[2020-11-07 09:47:38.592] [exthost] [info] ExtensionService#loadCommonJSModule file:///home/mmillis/.vscode/extensions/mohamedbenhida.laravel-intellisense-0.1.9/dist/extension.js
[2020-11-07 09:47:38.599] [exthost] [info] ExtensionService#_doActivateExtension PKief.material-icon-theme {"startup":true,"extensionId":{"value":"PKief.material-icon-theme","_lower":"pkief.material-icon-theme"},"activationEvent":"*"}
[2020-11-07 09:47:38.599] [exthost] [info] ExtensionService#loadCommonJSModule file:///home/mmillis/.vscode/extensions/pkief.material-icon-theme-4.3.0/dist/extension
[2020-11-07 09:47:38.608] [exthost] [info] ExtensionService#_doActivateExtension stef-k.laravel-goto-controller {"startup":true,"extensionId":{"value":"stef-k.laravel-goto-controller","_lower":"stef-k.laravel-goto-controller"},"activationEvent":"*"}
[2020-11-07 09:47:38.608] [exthost] [info] ExtensionService#loadCommonJSModule file:///home/mmillis/.vscode/extensions/stef-k.laravel-goto-controller-0.0.12/out/extension
[2020-11-07 09:47:38.617] [exthost] [info] ExtensionService#_doActivateExtension vscode-icons-team.vscode-icons {"startup":true,"extensionId":{"value":"vscode-icons-team.vscode-icons","_lower":"vscode-icons-team.vscode-icons"},"activationEvent":"*"}
[2020-11-07 09:47:38.618] [exthost] [info] ExtensionService#loadCommonJSModule file:///home/mmillis/.vscode/extensions/vscode-icons-team.vscode-icons-11.0.0/dist/src/vscode-icons.bundle.js
[2020-11-07 09:47:38.721] [exthost] [info] ExtensionService#_doActivateExtension vscode.npm {"startup":true,"extensionId":{"value":"vscode.npm","_lower":"vscode.npm"},"activationEvent":"workspaceContains:package.json"}
[2020-11-07 09:47:38.721] [exthost] [info] ExtensionService#loadCommonJSModule file:///usr/share/code/resources/app/extensions/npm/dist/npmMain
[2020-11-07 09:47:39.921] [exthost] [info] ExtensionService#_doActivateExtension ryannaddy.laravel-artisan {"startup":true,"extensionId":{"value":"ryannaddy.laravel-artisan","_lower":"ryannaddy.laravel-artisan"},"activationEvent":"workspaceContains:**/artisan"}
[2020-11-07 09:47:39.921] [exthost] [info] ExtensionService#loadCommonJSModule file:///home/mmillis/.vscode/extensions/ryannaddy.laravel-artisan-0.0.27/out/src/extension
