[Aug 11, 2020, 6:34:39.7 PM:INFO:database_migration.cc(77)] DB: Migrated to version 1
[Aug 11, 2020, 6:34:39.7 PM:INFO:database_migration.cc(77)] DB: Migrated to version 2
[Aug 11, 2020, 6:34:39.7 PM:INFO:database_migration.cc(77)] DB: Migrated to version 3
[Aug 11, 2020, 6:34:39.7 PM:INFO:database_migration.cc(77)] DB: Migrated to version 4
[Aug 11, 2020, 6:34:39.7 PM:INFO:database_migration.cc(77)] DB: Migrated to version 5
[Aug 11, 2020, 6:34:39.7 PM:INFO:database_migration.cc(77)] DB: Migrated to version 6
[Aug 11, 2020, 6:34:39.7 PM:INFO:database_migration.cc(77)] DB: Migrated to version 7
[Aug 11, 2020, 6:34:39.7 PM:INFO:database_migration.cc(77)] DB: Migrated to version 8
[Aug 11, 2020, 6:34:39.7 PM:INFO:database_migration.cc(77)] DB: Migrated to version 9
[Aug 11, 2020, 6:34:39.7 PM:INFO:database_migration.cc(77)] DB: Migrated to version 10
[Aug 11, 2020, 6:34:39.7 PM:INFO:database_migration.cc(77)] DB: Migrated to version 11
[Aug 11, 2020, 6:34:39.7 PM:INFO:database_migration.cc(77)] DB: Migrated to version 12
[Aug 11, 2020, 6:34:39.7 PM:INFO:database_migration.cc(77)] DB: Migrated to version 13
[Aug 11, 2020, 6:34:39.7 PM:INFO:database_migration.cc(77)] DB: Migrated to version 14
[Aug 11, 2020, 6:34:39.7 PM:INFO:database_migration.cc(77)] DB: Migrated to version 15
[Aug 11, 2020, 6:34:39.7 PM:INFO:database_migration.cc(77)] DB: Migrated to version 16
[Aug 11, 2020, 6:34:39.7 PM:INFO:database_migration.cc(77)] DB: Migrated to version 17
[Aug 11, 2020, 6:34:39.7 PM:INFO:database_migration.cc(77)] DB: Migrated to version 18
[Aug 11, 2020, 6:34:39.7 PM:INFO:database_migration.cc(77)] DB: Migrated to version 19
[Aug 11, 2020, 6:34:39.7 PM:INFO:database_migration.cc(77)] DB: Migrated to version 20
[Aug 11, 2020, 6:34:39.7 PM:INFO:database_migration.cc(77)] DB: Migrated to version 21
[Aug 11, 2020, 6:34:39.7 PM:INFO:database_migration.cc(77)] DB: Migrated to version 22
[Aug 11, 2020, 6:34:39.7 PM:INFO:database_migration.cc(77)] DB: Migrated to version 23
[Aug 11, 2020, 6:34:39.7 PM:INFO:database_migration.cc(77)] DB: Migrated to version 24
[Aug 11, 2020, 6:34:39.7 PM:INFO:database_migration.cc(77)] DB: Migrated to version 25
[Aug 11, 2020, 6:34:39.7 PM:INFO:database_migration.cc(77)] DB: Migrated to version 26
[Aug 11, 2020, 6:34:39.8 PM:INFO:state_migration_v1.cc(39)] No publisher state
[Aug 11, 2020, 6:34:39.8 PM:INFO:state_migration.cc(72)] State: Migrated to version 1
[Aug 11, 2020, 6:34:39.8 PM:INFO:state_migration_v2.cc(40)] No ledger state
[Aug 11, 2020, 6:34:39.8 PM:INFO:state_migration.cc(72)] State: Migrated to version 2
[Aug 11, 2020, 6:34:39.8 PM:INFO:contribution.cc(264)] Timer will start in 2592000
[Aug 11, 2020, 6:34:39.8 PM:INFO:contribution.cc(264)] Timer will start in 79
[Aug 11, 2020, 6:34:39.8 PM:INFO:promotion.cc(95)] Migrating corrupted promotions
[Aug 11, 2020, 6:34:39.8 PM:INFO:recovery.cc(14)] Running empty balance check...
[Aug 11, 2020, 6:34:39.8 PM:INFO:database_contribution_info_publishers.cc(321)] Contribution ids is empty
[Aug 11, 2020, 6:34:39.8 PM:INFO:promotion.cc(558)] Promotion is empty
[Aug 11, 2020, 6:34:39.8 PM:INFO:database_contribution_info_publishers.cc(321)] Contribution ids is empty
[Aug 11, 2020, 6:34:39.8 PM:INFO:recovery_empty_balance.cc(116)] Creds batch list is emtpy
--------------------------------------------------------------------------------
[Aug 11, 2020, 6:39:49.0 PM:INFO:contribution.cc(264)] Timer will start in 2591690
[Aug 11, 2020, 6:39:49.0 PM:INFO:contribution.cc(264)] Timer will start in 3
[Aug 11, 2020, 6:39:49.0 PM:INFO:promotion.cc(95)] Migrating corrupted promotions
[Aug 11, 2020, 6:39:49.0 PM:INFO:database_contribution_info_publishers.cc(321)] Contribution ids is empty
[Aug 11, 2020, 6:39:49.0 PM:INFO:promotion.cc(558)] Promotion is empty
--------------------------------------------------------------------------------
[Aug 11, 2020, 6:54:06.3 PM:INFO:contribution.cc(264)] Timer will start in 2590833
[Aug 11, 2020, 6:54:06.3 PM:INFO:contribution.cc(264)] Timer will start in 45
[Aug 11, 2020, 6:54:06.3 PM:INFO:promotion.cc(95)] Migrating corrupted promotions
[Aug 11, 2020, 6:54:06.3 PM:INFO:database_contribution_info_publishers.cc(321)] Contribution ids is empty
[Aug 11, 2020, 6:54:06.3 PM:INFO:promotion.cc(558)] Promotion is empty
--------------------------------------------------------------------------------
[Aug 11, 2020, 7:04:04.2 PM:INFO:contribution.cc(264)] Timer will start in 2590235
[Aug 11, 2020, 7:04:04.2 PM:INFO:contribution.cc(264)] Timer will start in 2
[Aug 11, 2020, 7:04:04.2 PM:INFO:promotion.cc(95)] Migrating corrupted promotions
[Aug 11, 2020, 7:04:04.2 PM:INFO:database_contribution_info_publishers.cc(321)] Contribution ids is empty
[Aug 11, 2020, 7:04:04.2 PM:INFO:promotion.cc(558)] Promotion is empty
--------------------------------------------------------------------------------
[Aug 11, 2020, 7:13:38.3 PM:INFO:contribution.cc(264)] Timer will start in 2589661
[Aug 11, 2020, 7:13:38.3 PM:INFO:contribution.cc(264)] Timer will start in 59
[Aug 11, 2020, 7:13:38.3 PM:INFO:promotion.cc(95)] Migrating corrupted promotions
[Aug 11, 2020, 7:13:38.3 PM:INFO:database_contribution_info_publishers.cc(321)] Contribution ids is empty
[Aug 11, 2020, 7:13:38.3 PM:INFO:promotion.cc(558)] Promotion is empty
--------------------------------------------------------------------------------
[Aug 11, 2020, 7:40:38.2 PM:INFO:contribution.cc(264)] Timer will start in 2588041
[Aug 11, 2020, 7:40:38.3 PM:INFO:contribution.cc(264)] Timer will start in 4
[Aug 11, 2020, 7:40:38.3 PM:INFO:promotion.cc(95)] Migrating corrupted promotions
[Aug 11, 2020, 7:40:38.3 PM:INFO:database_contribution_info_publishers.cc(321)] Contribution ids is empty
[Aug 11, 2020, 7:40:38.3 PM:INFO:promotion.cc(558)] Promotion is empty
--------------------------------------------------------------------------------
[Aug 11, 2020, 7:47:03.2 PM:INFO:contribution.cc(264)] Timer will start in 2587656
[Aug 11, 2020, 7:47:03.2 PM:INFO:contribution.cc(264)] Timer will start in 16
[Aug 11, 2020, 7:47:03.2 PM:INFO:promotion.cc(95)] Migrating corrupted promotions
[Aug 11, 2020, 7:47:03.2 PM:INFO:database_contribution_info_publishers.cc(321)] Contribution ids is empty
[Aug 11, 2020, 7:47:03.2 PM:INFO:promotion.cc(558)] Promotion is empty
--------------------------------------------------------------------------------
[Aug 11, 2020, 7:52:58.9 PM:INFO:contribution.cc(264)] Timer will start in 2587301
[Aug 11, 2020, 7:52:58.9 PM:INFO:contribution.cc(264)] Timer will start in 3
[Aug 11, 2020, 7:52:58.9 PM:INFO:promotion.cc(95)] Migrating corrupted promotions
[Aug 11, 2020, 7:52:58.9 PM:INFO:database_contribution_info_publishers.cc(321)] Contribution ids is empty
[Aug 11, 2020, 7:52:58.9 PM:INFO:promotion.cc(558)] Promotion is empty
--------------------------------------------------------------------------------
[Aug 11, 2020, 7:55:18.0 PM:INFO:contribution.cc(264)] Timer will start in 2587162
[Aug 11, 2020, 7:55:18.0 PM:INFO:contribution.cc(264)] Timer will start in 32
[Aug 11, 2020, 7:55:18.0 PM:INFO:promotion.cc(95)] Migrating corrupted promotions
[Aug 11, 2020, 7:55:18.0 PM:INFO:database_contribution_info_publishers.cc(321)] Contribution ids is empty
[Aug 11, 2020, 7:55:18.0 PM:INFO:promotion.cc(558)] Promotion is empty
--------------------------------------------------------------------------------
[Aug 11, 2020, 8:09:50.5 PM:INFO:contribution.cc(264)] Timer will start in 2586289
[Aug 11, 2020, 8:09:50.5 PM:INFO:contribution.cc(264)] Timer will start in 18
[Aug 11, 2020, 8:09:50.5 PM:INFO:promotion.cc(95)] Migrating corrupted promotions
[Aug 11, 2020, 8:09:50.6 PM:INFO:database_contribution_info_publishers.cc(321)] Contribution ids is empty
[Aug 11, 2020, 8:09:50.6 PM:INFO:promotion.cc(558)] Promotion is empty
--------------------------------------------------------------------------------
[Aug 11, 2020, 8:13:17.2 PM:INFO:contribution.cc(264)] Timer will start in 2586082
[Aug 11, 2020, 8:13:17.3 PM:INFO:contribution.cc(264)] Timer will start in 64
[Aug 11, 2020, 8:13:17.3 PM:INFO:promotion.cc(95)] Migrating corrupted promotions
[Aug 11, 2020, 8:13:17.3 PM:INFO:database_contribution_info_publishers.cc(321)] Contribution ids is empty
[Aug 11, 2020, 8:13:17.3 PM:INFO:promotion.cc(558)] Promotion is empty
--------------------------------------------------------------------------------
[Aug 11, 2020, 8:17:10.7 PM:INFO:contribution.cc(264)] Timer will start in 2585849
[Aug 11, 2020, 8:17:10.7 PM:INFO:contribution.cc(264)] Timer will start in 6
[Aug 11, 2020, 8:17:10.7 PM:INFO:promotion.cc(95)] Migrating corrupted promotions
[Aug 11, 2020, 8:17:10.7 PM:INFO:database_contribution_info_publishers.cc(321)] Contribution ids is empty
[Aug 11, 2020, 8:17:10.7 PM:INFO:promotion.cc(558)] Promotion is empty
--------------------------------------------------------------------------------
[Aug 11, 2020, 8:21:00.2 PM:INFO:contribution.cc(264)] Timer will start in 2585619
[Aug 11, 2020, 8:21:00.2 PM:INFO:contribution.cc(264)] Timer will start in 13
[Aug 11, 2020, 8:21:00.3 PM:INFO:promotion.cc(95)] Migrating corrupted promotions
[Aug 11, 2020, 8:21:00.3 PM:INFO:database_contribution_info_publishers.cc(321)] Contribution ids is empty
[Aug 11, 2020, 8:21:00.3 PM:INFO:promotion.cc(558)] Promotion is empty
--------------------------------------------------------------------------------
[Aug 11, 2020, 8:24:58.3 PM:INFO:contribution.cc(264)] Timer will start in 2585381
[Aug 11, 2020, 8:24:58.3 PM:INFO:contribution.cc(264)] Timer will start in 1
[Aug 11, 2020, 8:24:58.4 PM:INFO:promotion.cc(95)] Migrating corrupted promotions
[Aug 11, 2020, 8:24:58.4 PM:INFO:database_contribution_info_publishers.cc(321)] Contribution ids is empty
[Aug 11, 2020, 8:24:58.4 PM:INFO:promotion.cc(558)] Promotion is empty
--------------------------------------------------------------------------------
[Aug 13, 2020, 6:40:35.8 PM:INFO:contribution.cc(264)] Timer will start in 2418844
[Aug 13, 2020, 6:40:35.8 PM:INFO:contribution.cc(264)] Timer will start in 3
[Aug 13, 2020, 6:40:35.8 PM:INFO:promotion.cc(95)] Migrating corrupted promotions
[Aug 13, 2020, 6:40:35.9 PM:INFO:database_contribution_info_publishers.cc(321)] Contribution ids is empty
[Aug 13, 2020, 6:40:35.9 PM:INFO:promotion.cc(558)] Promotion is empty
--------------------------------------------------------------------------------
[Aug 13, 2020, 6:50:04.7 PM:INFO:contribution.cc(264)] Timer will start in 2418275
[Aug 13, 2020, 6:50:04.8 PM:INFO:contribution.cc(264)] Timer will start in 6
[Aug 13, 2020, 6:50:04.8 PM:INFO:promotion.cc(95)] Migrating corrupted promotions
[Aug 13, 2020, 6:50:04.8 PM:INFO:database_contribution_info_publishers.cc(321)] Contribution ids is empty
[Aug 13, 2020, 6:50:04.8 PM:INFO:promotion.cc(558)] Promotion is empty
--------------------------------------------------------------------------------
[Aug 13, 2020, 6:53:50.1 PM:INFO:contribution.cc(264)] Timer will start in 2418049
[Aug 13, 2020, 6:53:50.1 PM:INFO:contribution.cc(264)] Timer will start in 2
[Aug 13, 2020, 6:53:50.2 PM:INFO:promotion.cc(95)] Migrating corrupted promotions
[Aug 13, 2020, 6:53:50.2 PM:INFO:database_contribution_info_publishers.cc(321)] Contribution ids is empty
[Aug 13, 2020, 6:53:50.2 PM:INFO:promotion.cc(558)] Promotion is empty
--------------------------------------------------------------------------------
[Aug 15, 2020, 12:05:53.1 PM:INFO:contribution.cc(264)] Timer will start in 2269726
[Aug 15, 2020, 12:05:53.1 PM:INFO:contribution.cc(264)] Timer will start in 33
[Aug 15, 2020, 12:05:53.1 PM:INFO:promotion.cc(95)] Migrating corrupted promotions
[Aug 15, 2020, 12:05:53.1 PM:INFO:database_contribution_info_publishers.cc(321)] Contribution ids is empty
[Aug 15, 2020, 12:05:53.1 PM:INFO:promotion.cc(558)] Promotion is empty
--------------------------------------------------------------------------------
[Aug 15, 2020, 1:26:03.7 PM:INFO:contribution.cc(264)] Timer will start in 2264916
[Aug 15, 2020, 1:26:03.7 PM:INFO:contribution.cc(264)] Timer will start in 5
[Aug 15, 2020, 1:26:03.8 PM:INFO:promotion.cc(95)] Migrating corrupted promotions
[Aug 15, 2020, 1:26:03.8 PM:INFO:database_contribution_info_publishers.cc(321)] Contribution ids is empty
[Aug 15, 2020, 1:26:03.8 PM:INFO:promotion.cc(558)] Promotion is empty
--------------------------------------------------------------------------------
[Aug 15, 2020, 1:34:45.6 PM:INFO:contribution.cc(264)] Timer will start in 2264394
[Aug 15, 2020, 1:34:45.6 PM:INFO:contribution.cc(264)] Timer will start in 3
[Aug 15, 2020, 1:34:45.6 PM:INFO:promotion.cc(95)] Migrating corrupted promotions
[Aug 15, 2020, 1:34:45.6 PM:INFO:database_contribution_info_publishers.cc(321)] Contribution ids is empty
[Aug 15, 2020, 1:34:45.6 PM:INFO:promotion.cc(558)] Promotion is empty
--------------------------------------------------------------------------------
[Aug 15, 2020, 1:43:03.4 PM:INFO:contribution.cc(264)] Timer will start in 2263896
[Aug 15, 2020, 1:43:03.4 PM:INFO:contribution.cc(264)] Timer will start in 29
[Aug 15, 2020, 1:43:03.4 PM:INFO:promotion.cc(95)] Migrating corrupted promotions
[Aug 15, 2020, 1:43:03.4 PM:INFO:database_contribution_info_publishers.cc(321)] Contribution ids is empty
[Aug 15, 2020, 1:43:03.4 PM:INFO:promotion.cc(558)] Promotion is empty
--------------------------------------------------------------------------------
[Aug 15, 2020, 2:18:20.8 PM:INFO:contribution.cc(264)] Timer will start in 2261779
[Aug 15, 2020, 2:18:20.8 PM:INFO:contribution.cc(264)] Timer will start in 8
[Aug 15, 2020, 2:18:20.8 PM:INFO:promotion.cc(95)] Migrating corrupted promotions
[Aug 15, 2020, 2:18:20.8 PM:INFO:database_contribution_info_publishers.cc(321)] Contribution ids is empty
[Aug 15, 2020, 2:18:20.8 PM:INFO:promotion.cc(558)] Promotion is empty
--------------------------------------------------------------------------------
[Aug 15, 2020, 6:28:19.3 PM:INFO:contribution.cc(264)] Timer will start in 2246780
[Aug 15, 2020, 6:28:19.3 PM:INFO:contribution.cc(264)] Timer will start in 9
[Aug 15, 2020, 6:28:19.4 PM:INFO:promotion.cc(95)] Migrating corrupted promotions
[Aug 15, 2020, 6:28:19.4 PM:INFO:database_contribution_info_publishers.cc(321)] Contribution ids is empty
[Aug 15, 2020, 6:28:19.4 PM:INFO:promotion.cc(558)] Promotion is empty
--------------------------------------------------------------------------------
[Aug 15, 2020, 6:30:03.1 PM:INFO:contribution.cc(264)] Timer will start in 2246676
[Aug 15, 2020, 6:30:03.1 PM:INFO:contribution.cc(264)] Timer will start in 32
[Aug 15, 2020, 6:30:03.1 PM:INFO:promotion.cc(95)] Migrating corrupted promotions
[Aug 15, 2020, 6:30:03.1 PM:INFO:database_contribution_info_publishers.cc(321)] Contribution ids is empty
[Aug 15, 2020, 6:30:03.1 PM:INFO:promotion.cc(558)] Promotion is empty
--------------------------------------------------------------------------------
[Aug 15, 2020, 6:42:01.2 PM:INFO:contribution.cc(264)] Timer will start in 2245958
[Aug 15, 2020, 6:42:01.3 PM:INFO:contribution.cc(264)] Timer will start in 32
[Aug 15, 2020, 6:42:01.3 PM:INFO:promotion.cc(95)] Migrating corrupted promotions
[Aug 15, 2020, 6:42:01.3 PM:INFO:database_contribution_info_publishers.cc(321)] Contribution ids is empty
[Aug 15, 2020, 6:42:01.3 PM:INFO:promotion.cc(558)] Promotion is empty
--------------------------------------------------------------------------------
[Aug 16, 2020, 2:26:11.3 PM:INFO:contribution.cc(264)] Timer will start in 2174908
[Aug 16, 2020, 2:26:11.3 PM:INFO:contribution.cc(264)] Timer will start in 11
[Aug 16, 2020, 2:26:11.3 PM:INFO:promotion.cc(95)] Migrating corrupted promotions
[Aug 16, 2020, 2:26:11.3 PM:INFO:database_contribution_info_publishers.cc(321)] Contribution ids is empty
[Aug 16, 2020, 2:26:11.3 PM:INFO:promotion.cc(558)] Promotion is empty
--------------------------------------------------------------------------------
[Aug 17, 2020, 6:28:04.5 PM:INFO:contribution.cc(264)] Timer will start in 2073995
[Aug 17, 2020, 6:28:04.5 PM:INFO:contribution.cc(264)] Timer will start in 5
[Aug 17, 2020, 6:28:04.5 PM:INFO:promotion.cc(95)] Migrating corrupted promotions
[Aug 17, 2020, 6:28:04.6 PM:INFO:database_contribution_info_publishers.cc(321)] Contribution ids is empty
[Aug 17, 2020, 6:28:04.6 PM:INFO:promotion.cc(558)] Promotion is empty
--------------------------------------------------------------------------------
[Aug 17, 2020, 6:43:01.7 PM:INFO:contribution.cc(264)] Timer will start in 2073098
[Aug 17, 2020, 6:43:01.7 PM:INFO:contribution.cc(264)] Timer will start in 8
[Aug 17, 2020, 6:43:01.7 PM:INFO:promotion.cc(95)] Migrating corrupted promotions
[Aug 17, 2020, 6:43:01.8 PM:INFO:database_contribution_info_publishers.cc(321)] Contribution ids is empty
[Aug 17, 2020, 6:43:01.8 PM:INFO:promotion.cc(558)] Promotion is empty
--------------------------------------------------------------------------------
[Aug 17, 2020, 7:09:05.0 PM:INFO:contribution.cc(264)] Timer will start in 2071534
[Aug 17, 2020, 7:09:05.0 PM:INFO:contribution.cc(264)] Timer will start in 11
[Aug 17, 2020, 7:09:05.0 PM:INFO:promotion.cc(95)] Migrating corrupted promotions
[Aug 17, 2020, 7:09:05.1 PM:INFO:database_contribution_info_publishers.cc(321)] Contribution ids is empty
[Aug 17, 2020, 7:09:05.1 PM:INFO:promotion.cc(558)] Promotion is empty
--------------------------------------------------------------------------------
[Aug 17, 2020, 7:18:01.9 PM:INFO:contribution.cc(264)] Timer will start in 2070998
[Aug 17, 2020, 7:18:02.0 PM:INFO:contribution.cc(264)] Timer will start in 14
[Aug 17, 2020, 7:18:02.0 PM:INFO:promotion.cc(95)] Migrating corrupted promotions
[Aug 17, 2020, 7:18:02.0 PM:INFO:database_contribution_info_publishers.cc(321)] Contribution ids is empty
[Aug 17, 2020, 7:18:02.0 PM:INFO:promotion.cc(558)] Promotion is empty
--------------------------------------------------------------------------------
[Aug 17, 2020, 8:47:37.3 PM:INFO:contribution.cc(264)] Timer will start in 2065622
[Aug 17, 2020, 8:47:37.3 PM:INFO:contribution.cc(264)] Timer will start in 23
[Aug 17, 2020, 8:47:37.4 PM:INFO:promotion.cc(95)] Migrating corrupted promotions
[Aug 17, 2020, 8:47:37.4 PM:INFO:database_contribution_info_publishers.cc(321)] Contribution ids is empty
[Aug 17, 2020, 8:47:37.4 PM:INFO:promotion.cc(558)] Promotion is empty
--------------------------------------------------------------------------------
[Aug 17, 2020, 8:50:44.1 PM:INFO:contribution.cc(264)] Timer will start in 2065435
[Aug 17, 2020, 8:50:44.1 PM:INFO:contribution.cc(264)] Timer will start in 26
[Aug 17, 2020, 8:50:44.1 PM:INFO:promotion.cc(95)] Migrating corrupted promotions
[Aug 17, 2020, 8:50:44.1 PM:INFO:database_contribution_info_publishers.cc(321)] Contribution ids is empty
[Aug 17, 2020, 8:50:44.1 PM:INFO:promotion.cc(558)] Promotion is empty
--------------------------------------------------------------------------------
[Aug 17, 2020, 8:54:05.7 PM:INFO:contribution.cc(264)] Timer will start in 2065234
[Aug 17, 2020, 8:54:05.7 PM:INFO:contribution.cc(264)] Timer will start in 11
[Aug 17, 2020, 8:54:05.7 PM:INFO:promotion.cc(95)] Migrating corrupted promotions
[Aug 17, 2020, 8:54:05.7 PM:INFO:database_contribution_info_publishers.cc(321)] Contribution ids is empty
[Aug 17, 2020, 8:54:05.7 PM:INFO:promotion.cc(558)] Promotion is empty
--------------------------------------------------------------------------------
[Aug 17, 2020, 8:56:49.4 PM:INFO:contribution.cc(264)] Timer will start in 2065070
[Aug 17, 2020, 8:56:49.4 PM:INFO:contribution.cc(264)] Timer will start in 50
[Aug 17, 2020, 8:56:49.4 PM:INFO:promotion.cc(95)] Migrating corrupted promotions
[Aug 17, 2020, 8:56:49.4 PM:INFO:database_contribution_info_publishers.cc(321)] Contribution ids is empty
[Aug 17, 2020, 8:56:49.4 PM:INFO:promotion.cc(558)] Promotion is empty
--------------------------------------------------------------------------------
[Aug 17, 2020, 9:15:42.1 PM:INFO:contribution.cc(264)] Timer will start in 2063937
[Aug 17, 2020, 9:15:42.1 PM:INFO:contribution.cc(264)] Timer will start in 6
[Aug 17, 2020, 9:15:42.1 PM:INFO:promotion.cc(95)] Migrating corrupted promotions
[Aug 17, 2020, 9:15:42.2 PM:INFO:database_contribution_info_publishers.cc(321)] Contribution ids is empty
[Aug 17, 2020, 9:15:42.2 PM:INFO:promotion.cc(558)] Promotion is empty
--------------------------------------------------------------------------------
[Aug 20, 2020, 9:51:28.1 PM:INFO:contribution.cc(264)] Timer will start in 1802591
[Aug 20, 2020, 9:51:28.1 PM:INFO:contribution.cc(264)] Timer will start in 48
[Aug 20, 2020, 9:51:28.1 PM:INFO:promotion.cc(95)] Migrating corrupted promotions
[Aug 20, 2020, 9:51:28.1 PM:INFO:database_contribution_info_publishers.cc(321)] Contribution ids is empty
[Aug 20, 2020, 9:51:28.1 PM:INFO:promotion.cc(558)] Promotion is empty
--------------------------------------------------------------------------------
[Aug 20, 2020, 9:57:37.0 PM:INFO:contribution.cc(264)] Timer will start in 1802223
[Aug 20, 2020, 9:57:37.0 PM:INFO:contribution.cc(264)] Timer will start in 12
[Aug 20, 2020, 9:57:37.0 PM:INFO:promotion.cc(95)] Migrating corrupted promotions
[Aug 20, 2020, 9:57:37.0 PM:INFO:database_contribution_info_publishers.cc(321)] Contribution ids is empty
[Aug 20, 2020, 9:57:37.0 PM:INFO:promotion.cc(558)] Promotion is empty
--------------------------------------------------------------------------------
[Aug 22, 2020, 2:41:13.3 PM:INFO:contribution.cc(264)] Timer will start in 1655606
[Aug 22, 2020, 2:41:13.4 PM:INFO:contribution.cc(264)] Timer will start in 2
[Aug 22, 2020, 2:41:13.4 PM:INFO:promotion.cc(95)] Migrating corrupted promotions
[Aug 22, 2020, 2:41:13.4 PM:INFO:database_contribution_info_publishers.cc(321)] Contribution ids is empty
[Aug 22, 2020, 2:41:13.4 PM:INFO:promotion.cc(558)] Promotion is empty
--------------------------------------------------------------------------------
[Aug 23, 2020, 11:40:39.6 AM:INFO:contribution.cc(264)] Timer will start in 1580040
[Aug 23, 2020, 11:40:39.7 AM:INFO:contribution.cc(264)] Timer will start in 2
[Aug 23, 2020, 11:40:39.7 AM:INFO:promotion.cc(95)] Migrating corrupted promotions
[Aug 23, 2020, 11:40:39.7 AM:INFO:database_contribution_info_publishers.cc(321)] Contribution ids is empty
[Aug 23, 2020, 11:40:39.7 AM:INFO:promotion.cc(558)] Promotion is empty
--------------------------------------------------------------------------------
[Aug 23, 2020, 11:47:12.3 AM:INFO:contribution.cc(264)] Timer will start in 1579647
[Aug 23, 2020, 11:47:12.3 AM:INFO:contribution.cc(264)] Timer will start in 20
[Aug 23, 2020, 11:47:12.3 AM:INFO:promotion.cc(95)] Migrating corrupted promotions
[Aug 23, 2020, 11:47:12.3 AM:INFO:database_contribution_info_publishers.cc(321)] Contribution ids is empty
[Aug 23, 2020, 11:47:12.3 AM:INFO:promotion.cc(558)] Promotion is empty
--------------------------------------------------------------------------------
[Aug 23, 2020, 12:18:36.6 PM:INFO:contribution.cc(264)] Timer will start in 1577763
[Aug 23, 2020, 12:18:36.7 PM:INFO:contribution.cc(264)] Timer will start in 43
[Aug 23, 2020, 12:18:36.7 PM:INFO:promotion.cc(95)] Migrating corrupted promotions
[Aug 23, 2020, 12:18:36.7 PM:INFO:database_contribution_info_publishers.cc(321)] Contribution ids is empty
[Aug 23, 2020, 12:18:36.7 PM:INFO:promotion.cc(558)] Promotion is empty
--------------------------------------------------------------------------------
[Aug 23, 2020, 12:34:14.6 PM:INFO:contribution.cc(264)] Timer will start in 1576825
[Aug 23, 2020, 12:34:14.6 PM:INFO:contribution.cc(264)] Timer will start in 39
[Aug 23, 2020, 12:34:14.6 PM:INFO:promotion.cc(95)] Migrating corrupted promotions
[Aug 23, 2020, 12:34:14.6 PM:INFO:database_contribution_info_publishers.cc(321)] Contribution ids is empty
[Aug 23, 2020, 12:34:14.6 PM:INFO:promotion.cc(558)] Promotion is empty
--------------------------------------------------------------------------------
[Aug 23, 2020, 1:19:14.7 PM:INFO:contribution.cc(264)] Timer will start in 1574125
[Aug 23, 2020, 1:19:14.7 PM:INFO:contribution.cc(264)] Timer will start in 9
[Aug 23, 2020, 1:19:14.8 PM:INFO:promotion.cc(95)] Migrating corrupted promotions
[Aug 23, 2020, 1:19:14.8 PM:INFO:database_contribution_info_publishers.cc(321)] Contribution ids is empty
[Aug 23, 2020, 1:19:14.8 PM:INFO:promotion.cc(558)] Promotion is empty
--------------------------------------------------------------------------------
[Aug 23, 2020, 2:06:09.2 PM:INFO:contribution.cc(264)] Timer will start in 1571310
[Aug 23, 2020, 2:06:09.2 PM:INFO:contribution.cc(264)] Timer will start in 50
[Aug 23, 2020, 2:06:09.2 PM:INFO:promotion.cc(95)] Migrating corrupted promotions
[Aug 23, 2020, 2:06:09.2 PM:INFO:database_contribution_info_publishers.cc(321)] Contribution ids is empty
[Aug 23, 2020, 2:06:09.2 PM:INFO:promotion.cc(558)] Promotion is empty
--------------------------------------------------------------------------------
[Aug 23, 2020, 3:15:16.5 PM:INFO:contribution.cc(264)] Timer will start in 1567163
[Aug 23, 2020, 3:15:16.5 PM:INFO:contribution.cc(264)] Timer will start in 8
[Aug 23, 2020, 3:15:16.6 PM:INFO:promotion.cc(95)] Migrating corrupted promotions
[Aug 23, 2020, 3:15:16.6 PM:INFO:database_contribution_info_publishers.cc(321)] Contribution ids is empty
[Aug 23, 2020, 3:15:16.6 PM:INFO:promotion.cc(558)] Promotion is empty
--------------------------------------------------------------------------------
[Aug 30, 2020, 3:46:39.1 PM:INFO:contribution.cc(264)] Timer will start in 960480
[Aug 30, 2020, 3:46:39.1 PM:INFO:contribution.cc(264)] Timer will start in 19
[Aug 30, 2020, 3:46:39.1 PM:INFO:promotion.cc(95)] Migrating corrupted promotions
[Aug 30, 2020, 3:46:39.1 PM:INFO:database_contribution_info_publishers.cc(321)] Contribution ids is empty
[Aug 30, 2020, 3:46:39.1 PM:INFO:promotion.cc(558)] Promotion is empty
--------------------------------------------------------------------------------
[Aug 30, 2020, 3:56:38.7 PM:INFO:contribution.cc(264)] Timer will start in 959881
[Aug 30, 2020, 3:56:38.7 PM:INFO:contribution.cc(264)] Timer will start in 31
[Aug 30, 2020, 3:56:38.7 PM:INFO:promotion.cc(95)] Migrating corrupted promotions
[Aug 30, 2020, 3:56:38.7 PM:INFO:database_contribution_info_publishers.cc(321)] Contribution ids is empty
[Aug 30, 2020, 3:56:38.7 PM:INFO:promotion.cc(558)] Promotion is empty
--------------------------------------------------------------------------------
[Aug 30, 2020, 4:00:52.1 PM:INFO:contribution.cc(264)] Timer will start in 959627
[Aug 30, 2020, 4:00:52.1 PM:INFO:contribution.cc(264)] Timer will start in 19
[Aug 30, 2020, 4:00:52.1 PM:INFO:promotion.cc(95)] Migrating corrupted promotions
[Aug 30, 2020, 4:00:52.1 PM:INFO:database_contribution_info_publishers.cc(321)] Contribution ids is empty
[Aug 30, 2020, 4:00:52.1 PM:INFO:promotion.cc(558)] Promotion is empty
--------------------------------------------------------------------------------
[Aug 30, 2020, 9:44:27.8 PM:INFO:contribution.cc(264)] Timer will start in 939012
[Aug 30, 2020, 9:44:27.8 PM:INFO:contribution.cc(264)] Timer will start in 12
[Aug 30, 2020, 9:44:27.8 PM:INFO:promotion.cc(95)] Migrating corrupted promotions
[Aug 30, 2020, 9:44:27.8 PM:INFO:database_contribution_info_publishers.cc(321)] Contribution ids is empty
[Aug 30, 2020, 9:44:27.8 PM:INFO:promotion.cc(558)] Promotion is empty
--------------------------------------------------------------------------------
[Aug 30, 2020, 9:47:53.6 PM:INFO:contribution.cc(264)] Timer will start in 938806
[Aug 30, 2020, 9:47:53.6 PM:INFO:contribution.cc(264)] Timer will start in 1
[Aug 30, 2020, 9:47:53.6 PM:INFO:promotion.cc(95)] Migrating corrupted promotions
[Aug 30, 2020, 9:47:53.6 PM:INFO:database_contribution_info_publishers.cc(321)] Contribution ids is empty
[Aug 30, 2020, 9:47:53.6 PM:INFO:promotion.cc(558)] Promotion is empty
--------------------------------------------------------------------------------
[Aug 30, 2020, 9:51:05.8 PM:INFO:contribution.cc(264)] Timer will start in 938614
[Aug 30, 2020, 9:51:05.8 PM:INFO:contribution.cc(264)] Timer will start in 6
[Aug 30, 2020, 9:51:05.8 PM:INFO:promotion.cc(95)] Migrating corrupted promotions
[Aug 30, 2020, 9:51:05.8 PM:INFO:database_contribution_info_publishers.cc(321)] Contribution ids is empty
[Aug 30, 2020, 9:51:05.8 PM:INFO:promotion.cc(558)] Promotion is empty
--------------------------------------------------------------------------------
[Aug 30, 2020, 9:51:49.9 PM:INFO:contribution.cc(264)] Timer will start in 938570
[Aug 30, 2020, 9:51:49.9 PM:INFO:contribution.cc(264)] Timer will start in 29
[Aug 30, 2020, 9:51:49.9 PM:INFO:promotion.cc(95)] Migrating corrupted promotions
[Aug 30, 2020, 9:51:49.9 PM:INFO:database_contribution_info_publishers.cc(321)] Contribution ids is empty
[Aug 30, 2020, 9:51:49.9 PM:INFO:promotion.cc(558)] Promotion is empty
--------------------------------------------------------------------------------
[Aug 30, 2020, 9:52:55.7 PM:INFO:contribution.cc(264)] Timer will start in 938504
[Aug 30, 2020, 9:52:55.7 PM:INFO:contribution.cc(264)] Timer will start in 48
[Aug 30, 2020, 9:52:55.7 PM:INFO:promotion.cc(95)] Migrating corrupted promotions
[Aug 30, 2020, 9:52:55.7 PM:INFO:database_contribution_info_publishers.cc(321)] Contribution ids is empty
[Aug 30, 2020, 9:52:55.7 PM:INFO:promotion.cc(558)] Promotion is empty
--------------------------------------------------------------------------------
[Aug 30, 2020, 9:56:40.2 PM:INFO:contribution.cc(264)] Timer will start in 938279
[Aug 30, 2020, 9:56:40.2 PM:INFO:contribution.cc(264)] Timer will start in 4
[Aug 30, 2020, 9:56:40.3 PM:INFO:promotion.cc(95)] Migrating corrupted promotions
[Aug 30, 2020, 9:56:40.3 PM:INFO:database_contribution_info_publishers.cc(321)] Contribution ids is empty
[Aug 30, 2020, 9:56:40.3 PM:INFO:promotion.cc(558)] Promotion is empty
--------------------------------------------------------------------------------
[Aug 30, 2020, 9:59:13.9 PM:INFO:contribution.cc(264)] Timer will start in 938126
[Aug 30, 2020, 9:59:13.9 PM:INFO:contribution.cc(264)] Timer will start in 12
[Aug 30, 2020, 9:59:14.0 PM:INFO:promotion.cc(95)] Migrating corrupted promotions
[Aug 30, 2020, 9:59:14.0 PM:INFO:database_contribution_info_publishers.cc(321)] Contribution ids is empty
[Aug 30, 2020, 9:59:14.0 PM:INFO:promotion.cc(558)] Promotion is empty
--------------------------------------------------------------------------------
[Aug 31, 2020, 9:01:53.4 PM:INFO:contribution.cc(264)] Timer will start in 855166
[Aug 31, 2020, 9:01:53.4 PM:INFO:contribution.cc(264)] Timer will start in 16
[Aug 31, 2020, 9:01:53.4 PM:INFO:promotion.cc(95)] Migrating corrupted promotions
[Aug 31, 2020, 9:01:53.4 PM:INFO:database_contribution_info_publishers.cc(321)] Contribution ids is empty
[Aug 31, 2020, 9:01:53.4 PM:INFO:promotion.cc(558)] Promotion is empty
--------------------------------------------------------------------------------
[Sep 05, 2020, 3:32:08.8 PM:INFO:contribution.cc(264)] Timer will start in 442951
[Sep 05, 2020, 3:32:08.8 PM:INFO:contribution.cc(264)] Timer will start in 16
[Sep 05, 2020, 3:32:08.8 PM:INFO:promotion.cc(95)] Migrating corrupted promotions
[Sep 05, 2020, 3:32:08.8 PM:INFO:database_contribution_info_publishers.cc(321)] Contribution ids is empty
[Sep 05, 2020, 3:32:08.8 PM:INFO:promotion.cc(558)] Promotion is empty
--------------------------------------------------------------------------------
[Sep 05, 2020, 3:33:32.8 PM:INFO:contribution.cc(264)] Timer will start in 442867
[Sep 05, 2020, 3:33:32.8 PM:INFO:contribution.cc(264)] Timer will start in 1
[Sep 05, 2020, 3:33:32.9 PM:INFO:promotion.cc(95)] Migrating corrupted promotions
[Sep 05, 2020, 3:33:32.9 PM:INFO:database_contribution_info_publishers.cc(321)] Contribution ids is empty
[Sep 05, 2020, 3:33:32.9 PM:INFO:promotion.cc(558)] Promotion is empty
--------------------------------------------------------------------------------
[Sep 05, 2020, 3:38:37.5 PM:INFO:contribution.cc(264)] Timer will start in 442562
[Sep 05, 2020, 3:38:37.5 PM:INFO:contribution.cc(264)] Timer will start in 21
[Sep 05, 2020, 3:38:37.5 PM:INFO:promotion.cc(95)] Migrating corrupted promotions
[Sep 05, 2020, 3:38:37.5 PM:INFO:database_contribution_info_publishers.cc(321)] Contribution ids is empty
[Sep 05, 2020, 3:38:37.6 PM:INFO:promotion.cc(558)] Promotion is empty
--------------------------------------------------------------------------------
[Sep 05, 2020, 3:45:56.3 PM:INFO:contribution.cc(264)] Timer will start in 442123
[Sep 05, 2020, 3:45:56.3 PM:INFO:contribution.cc(264)] Timer will start in 5
[Sep 05, 2020, 3:45:56.3 PM:INFO:promotion.cc(95)] Migrating corrupted promotions
[Sep 05, 2020, 3:45:56.4 PM:INFO:database_contribution_info_publishers.cc(321)] Contribution ids is empty
[Sep 05, 2020, 3:45:56.4 PM:INFO:promotion.cc(558)] Promotion is empty
[Sep 10, 2020, 6:34:39.3 PM:INFO:contribution.cc(264)] Timer will start in 2592000
--------------------------------------------------------------------------------
[Sep 19, 2020, 9:52:58.9 AM:INFO:contribution.cc(264)] Timer will start in 1845701
[Sep 19, 2020, 9:52:58.9 AM:INFO:contribution.cc(264)] Timer will start in 7
[Sep 19, 2020, 9:52:58.9 AM:INFO:promotion.cc(95)] Migrating corrupted promotions
[Sep 19, 2020, 9:52:59.0 AM:INFO:database_contribution_info_publishers.cc(321)] Contribution ids is empty
[Sep 19, 2020, 9:52:59.0 AM:INFO:promotion.cc(558)] Promotion is empty
--------------------------------------------------------------------------------
[Sep 19, 2020, 5:10:16.7 PM:INFO:contribution.cc(264)] Timer will start in 1819463
[Sep 19, 2020, 5:10:16.7 PM:INFO:contribution.cc(264)] Timer will start in 37
[Sep 19, 2020, 5:10:16.8 PM:INFO:promotion.cc(95)] Migrating corrupted promotions
[Sep 19, 2020, 5:10:16.8 PM:INFO:database_contribution_info_publishers.cc(321)] Contribution ids is empty
[Sep 19, 2020, 5:10:16.8 PM:INFO:promotion.cc(558)] Promotion is empty
--------------------------------------------------------------------------------
[Sep 19, 2020, 5:16:25.8 PM:INFO:contribution.cc(264)] Timer will start in 1819094
[Sep 19, 2020, 5:16:25.8 PM:INFO:contribution.cc(264)] Timer will start in 1
[Sep 19, 2020, 5:16:25.9 PM:INFO:promotion.cc(95)] Migrating corrupted promotions
[Sep 19, 2020, 5:16:25.9 PM:INFO:database_contribution_info_publishers.cc(321)] Contribution ids is empty
[Sep 19, 2020, 5:16:25.9 PM:INFO:promotion.cc(558)] Promotion is empty
--------------------------------------------------------------------------------
[Sep 19, 2020, 8:28:23.3 PM:INFO:contribution.cc(264)] Timer will start in 1807576
[Sep 19, 2020, 8:28:23.3 PM:INFO:contribution.cc(264)] Timer will start in 5
[Sep 19, 2020, 8:28:23.3 PM:INFO:promotion.cc(95)] Migrating corrupted promotions
[Sep 19, 2020, 8:28:23.3 PM:INFO:database_contribution_info_publishers.cc(321)] Contribution ids is empty
[Sep 19, 2020, 8:28:23.3 PM:INFO:promotion.cc(558)] Promotion is empty
--------------------------------------------------------------------------------
[Sep 19, 2020, 9:43:22.8 PM:INFO:contribution.cc(264)] Timer will start in 1803077
[Sep 19, 2020, 9:43:22.8 PM:INFO:contribution.cc(264)] Timer will start in 23
[Sep 19, 2020, 9:43:22.8 PM:INFO:promotion.cc(95)] Migrating corrupted promotions
[Sep 19, 2020, 9:43:22.8 PM:INFO:database_contribution_info_publishers.cc(321)] Contribution ids is empty
[Sep 19, 2020, 9:43:22.8 PM:INFO:promotion.cc(558)] Promotion is empty
--------------------------------------------------------------------------------
[Sep 19, 2020, 9:44:11.0 PM:INFO:contribution.cc(264)] Timer will start in 1803029
[Sep 19, 2020, 9:44:11.0 PM:INFO:contribution.cc(264)] Timer will start in 8
[Sep 19, 2020, 9:44:11.0 PM:INFO:promotion.cc(95)] Migrating corrupted promotions
[Sep 19, 2020, 9:44:11.0 PM:INFO:database_contribution_info_publishers.cc(321)] Contribution ids is empty
[Sep 19, 2020, 9:44:11.0 PM:INFO:promotion.cc(558)] Promotion is empty
--------------------------------------------------------------------------------
[Oct 01, 2020, 6:14:52.5 PM:INFO:contribution.cc(264)] Timer will start in 778787
[Oct 01, 2020, 6:14:52.5 PM:INFO:contribution.cc(264)] Timer will start in 8
[Oct 01, 2020, 6:14:52.5 PM:INFO:promotion.cc(95)] Migrating corrupted promotions
[Oct 01, 2020, 6:14:52.5 PM:INFO:database_contribution_info_publishers.cc(321)] Contribution ids is empty
[Oct 01, 2020, 6:14:52.5 PM:INFO:promotion.cc(558)] Promotion is empty
--------------------------------------------------------------------------------
[Oct 01, 2020, 10:17:36.9 PM:INFO:contribution.cc(264)] Timer will start in 764223
[Oct 01, 2020, 10:17:36.9 PM:INFO:contribution.cc(264)] Timer will start in 33
[Oct 01, 2020, 10:17:36.9 PM:INFO:promotion.cc(95)] Migrating corrupted promotions
[Oct 01, 2020, 10:17:36.9 PM:INFO:database_contribution_info_publishers.cc(321)] Contribution ids is empty
[Oct 01, 2020, 10:17:36.9 PM:INFO:promotion.cc(558)] Promotion is empty
--------------------------------------------------------------------------------
[Oct 02, 2020, 9:50:40.2 PM:INFO:contribution.cc(264)] Timer will start in 679439
[Oct 02, 2020, 9:50:40.2 PM:INFO:contribution.cc(264)] Timer will start in 2
[Oct 02, 2020, 9:50:40.2 PM:INFO:promotion.cc(95)] Migrating corrupted promotions
[Oct 02, 2020, 9:50:40.2 PM:INFO:database_contribution_info_publishers.cc(321)] Contribution ids is empty
[Oct 02, 2020, 9:50:40.2 PM:INFO:promotion.cc(558)] Promotion is empty
--------------------------------------------------------------------------------
[Oct 02, 2020, 10:29:13.2 PM:INFO:contribution.cc(264)] Timer will start in 677126
[Oct 02, 2020, 10:29:13.2 PM:INFO:contribution.cc(264)] Timer will start in 2
[Oct 02, 2020, 10:29:13.3 PM:INFO:promotion.cc(95)] Migrating corrupted promotions
[Oct 02, 2020, 10:29:13.3 PM:INFO:database_contribution_info_publishers.cc(321)] Contribution ids is empty
[Oct 02, 2020, 10:29:13.3 PM:INFO:promotion.cc(558)] Promotion is empty
--------------------------------------------------------------------------------
[Oct 03, 2020, 6:35:22.8 PM:INFO:contribution.cc(264)] Timer will start in 604757
[Oct 03, 2020, 6:35:22.8 PM:INFO:contribution.cc(264)] Timer will start in 51
[Oct 03, 2020, 6:35:22.8 PM:INFO:promotion.cc(95)] Migrating corrupted promotions
[Oct 03, 2020, 6:35:22.8 PM:INFO:database_contribution_info_publishers.cc(321)] Contribution ids is empty
[Oct 03, 2020, 6:35:22.8 PM:INFO:promotion.cc(558)] Promotion is empty
--------------------------------------------------------------------------------
[Oct 03, 2020, 7:22:30.1 PM:INFO:contribution.cc(264)] Timer will start in 601929
[Oct 03, 2020, 7:22:30.1 PM:INFO:contribution.cc(264)] Timer will start in 3
[Oct 03, 2020, 7:22:30.2 PM:INFO:promotion.cc(95)] Migrating corrupted promotions
[Oct 03, 2020, 7:22:30.2 PM:INFO:database_contribution_info_publishers.cc(321)] Contribution ids is empty
[Oct 03, 2020, 7:22:30.2 PM:INFO:promotion.cc(558)] Promotion is empty
--------------------------------------------------------------------------------
[Oct 06, 2020, 7:31:00.0 PM:INFO:contribution.cc(264)] Timer will start in 342219
[Oct 06, 2020, 7:31:00.0 PM:INFO:contribution.cc(264)] Timer will start in 11
[Oct 06, 2020, 7:31:00.1 PM:INFO:promotion.cc(95)] Migrating corrupted promotions
[Oct 06, 2020, 7:31:00.1 PM:INFO:database_contribution_info_publishers.cc(321)] Contribution ids is empty
[Oct 06, 2020, 7:31:00.1 PM:INFO:promotion.cc(558)] Promotion is empty
--------------------------------------------------------------------------------
[Oct 06, 2020, 7:33:38.3 PM:INFO:contribution.cc(264)] Timer will start in 342061
[Oct 06, 2020, 7:33:38.4 PM:INFO:contribution.cc(264)] Timer will start in 13
[Oct 06, 2020, 7:33:38.4 PM:INFO:promotion.cc(95)] Migrating corrupted promotions
[Oct 06, 2020, 7:33:38.4 PM:INFO:database_contribution_info_publishers.cc(321)] Contribution ids is empty
[Oct 06, 2020, 7:33:38.4 PM:INFO:promotion.cc(558)] Promotion is empty
